<?xml version="1.0" encoding="UTF-8"?>
<!-- Generated by org.testng.reporters.JUnitXMLReporter -->
<testsuite ignored="24" hostname="jishnu.kapoor" failures="4" tests="63" name="Demo" time="5.137" errors="0" timestamp="2020-08-08T11:31:26 IST">
  <testcase classname="TestScripts.ManageProducts" name="@BeforeMethod BeforeMethod" time="0.424">
    <failure type="org.openqa.selenium.NoSuchWindowException" message="no such window: target window already closed
from unknown error: web view not found
  (Session info: chrome=79.0.3945.117)
Build info: version: &amp;apos;3.6.0&amp;apos;, revision: &amp;apos;6fbf3ec767&amp;apos;, time: &amp;apos;2017-09-27T15:28:36.4Z&amp;apos;
System info: host: &amp;apos;jishnu.kapoor&amp;apos;, ip: &amp;apos;127.0.1.1&amp;apos;, os.name: &amp;apos;Linux&amp;apos;, os.arch: &amp;apos;amd64&amp;apos;, os.version: &amp;apos;5.0.0-32-generic&amp;apos;, java.version: &amp;apos;11.0.4&amp;apos;
Driver info: org.openqa.selenium.chrome.ChromeDriver
Capabilities [{networkConnectionEnabled=false, chrome={chromedriverVersion=79.0.3945.36 (3582db32b33893869b8c1339e8f4d9ed1816f143-refs/branch-heads/3945@{#614}), userDataDir=/tmp/.com.google.Chrome.JVMgIB}, timeouts={implicit=0, pageLoad=300000, script=30000}, pageLoadStrategy=normal, unhandledPromptBehavior=dismiss and notify, strictFileInteractability=false, platform=LINUX, proxy=Proxy(), goog:chromeOptions={debuggerAddress=localhost:40585}, acceptInsecureCerts=false, browserVersion=79.0.3945.117, browserName=chrome, javascriptEnabled=true, platformName=LINUX, setWindowRect=true}]
Session ID: f2af72883ac50f2aa976a765fd73211b
*** Element info: {Using=xpath, value=//label[contains(@class,&amp;apos;control-label&amp;apos;) and text()=&amp;apos;Username&amp;apos;]/following-sibling::input}">
      <![CDATA[org.openqa.selenium.NoSuchWindowException: no such window: target window already closed
from unknown error: web view not found
  (Session info: chrome=79.0.3945.117)
Build info: version: '3.6.0', revision: '6fbf3ec767', time: '2017-09-27T15:28:36.4Z'
System info: host: 'jishnu.kapoor', ip: '127.0.1.1', os.name: 'Linux', os.arch: 'amd64', os.version: '5.0.0-32-generic', java.version: '11.0.4'
Driver info: org.openqa.selenium.chrome.ChromeDriver
Capabilities [{networkConnectionEnabled=false, chrome={chromedriverVersion=79.0.3945.36 (3582db32b33893869b8c1339e8f4d9ed1816f143-refs/branch-heads/3945@{#614}), userDataDir=/tmp/.com.google.Chrome.JVMgIB}, timeouts={implicit=0, pageLoad=300000, script=30000}, pageLoadStrategy=normal, unhandledPromptBehavior=dismiss and notify, strictFileInteractability=false, platform=LINUX, proxy=Proxy(), goog:chromeOptions={debuggerAddress=localhost:40585}, acceptInsecureCerts=false, browserVersion=79.0.3945.117, browserName=chrome, javascriptEnabled=true, platformName=LINUX, setWindowRect=true}]
Session ID: f2af72883ac50f2aa976a765fd73211b
*** Element info: {Using=xpath, value=//label[contains(@class,'control-label') and text()='Username']/following-sibling::input}
at org.openqa.selenium.remote.http.W3CHttpResponseCodec.createException(W3CHttpResponseCodec.java:185)
at org.openqa.selenium.remote.http.W3CHttpResponseCodec.decode(W3CHttpResponseCodec.java:120)
at org.openqa.selenium.remote.http.W3CHttpResponseCodec.decode(W3CHttpResponseCodec.java:49)
at org.openqa.selenium.remote.HttpCommandExecutor.execute(HttpCommandExecutor.java:164)
at org.openqa.selenium.remote.service.DriverCommandExecutor.execute(DriverCommandExecutor.java:83)
at org.openqa.selenium.remote.RemoteWebDriver.execute(RemoteWebDriver.java:586)
at org.openqa.selenium.remote.RemoteWebDriver.findElement(RemoteWebDriver.java:356)
at org.openqa.selenium.remote.RemoteWebDriver.findElementByXPath(RemoteWebDriver.java:458)
at org.openqa.selenium.By$ByXPath.findElement(By.java:361)
at org.openqa.selenium.remote.RemoteWebDriver.findElement(RemoteWebDriver.java:348)
at Framework.GUI.element.UIElement.getWrappedElement(UIElement.java:185)
at Framework.GUI.element.UIElement.sendKeys(UIElement.java:110)
at walmartIntegration.pages.ManageProducts_Page.LoggingInAccount(ManageProducts_Page.java:105)
at walmartIntegration.module.ManageProducts_Module.LoggingInAccount(ManageProducts_Module.java:16)
at TestScripts.ManageProducts.BeforeMethod(ManageProducts.java:30)
at java.base/java.util.ArrayList.forEach(ArrayList.java:1540)
... Removed 35 stack frames]]>
    </failure>
  </testcase> <!-- @BeforeMethod BeforeMethod -->
  <testcase classname="Framework.GUI.commons.test.commonTest" name="@AfterMethod addLogsIntoExtentReport" time="-1.596866485748E9">
    <skipped/>
  </testcase> <!-- @AfterMethod addLogsIntoExtentReport -->
  <testcase classname="Framework.GUI.commons.test.commonTest" name="@AfterMethod getResult" time="-1.596866485751E9">
    <skipped/>
  </testcase> <!-- @AfterMethod getResult -->
  <testcase classname="Framework.GUI.commons.test.commonTest" name="@AfterMethod setScreenCaptureTrue" time="-1.596866485753E9">
    <skipped/>
  </testcase> <!-- @AfterMethod setScreenCaptureTrue -->
  <testcase classname="Framework.GUI.commons.test.commonTest" name="@BeforeMethod setupExtentReport" time="0.009">
    <failure type="org.openqa.selenium.NoSuchWindowException" message="no such window: target window already closed
from unknown error: web view not found
  (Session info: chrome=79.0.3945.117)
Build info: version: &amp;apos;3.6.0&amp;apos;, revision: &amp;apos;6fbf3ec767&amp;apos;, time: &amp;apos;2017-09-27T15:28:36.4Z&amp;apos;
System info: host: &amp;apos;jishnu.kapoor&amp;apos;, ip: &amp;apos;127.0.1.1&amp;apos;, os.name: &amp;apos;Linux&amp;apos;, os.arch: &amp;apos;amd64&amp;apos;, os.version: &amp;apos;5.0.0-32-generic&amp;apos;, java.version: &amp;apos;11.0.4&amp;apos;
Driver info: org.openqa.selenium.chrome.ChromeDriver
Capabilities [{networkConnectionEnabled=false, chrome={chromedriverVersion=79.0.3945.36 (3582db32b33893869b8c1339e8f4d9ed1816f143-refs/branch-heads/3945@{#614}), userDataDir=/tmp/.com.google.Chrome.JVMgIB}, timeouts={implicit=0, pageLoad=300000, script=30000}, pageLoadStrategy=normal, unhandledPromptBehavior=dismiss and notify, strictFileInteractability=false, platform=LINUX, proxy=Proxy(), goog:chromeOptions={debuggerAddress=localhost:40585}, acceptInsecureCerts=false, browserVersion=79.0.3945.117, browserName=chrome, javascriptEnabled=true, platformName=LINUX, setWindowRect=true}]
Session ID: f2af72883ac50f2aa976a765fd73211b">
      <![CDATA[org.openqa.selenium.NoSuchWindowException: no such window: target window already closed
from unknown error: web view not found
  (Session info: chrome=79.0.3945.117)
Build info: version: '3.6.0', revision: '6fbf3ec767', time: '2017-09-27T15:28:36.4Z'
System info: host: 'jishnu.kapoor', ip: '127.0.1.1', os.name: 'Linux', os.arch: 'amd64', os.version: '5.0.0-32-generic', java.version: '11.0.4'
Driver info: org.openqa.selenium.chrome.ChromeDriver
Capabilities [{networkConnectionEnabled=false, chrome={chromedriverVersion=79.0.3945.36 (3582db32b33893869b8c1339e8f4d9ed1816f143-refs/branch-heads/3945@{#614}), userDataDir=/tmp/.com.google.Chrome.JVMgIB}, timeouts={implicit=0, pageLoad=300000, script=30000}, pageLoadStrategy=normal, unhandledPromptBehavior=dismiss and notify, strictFileInteractability=false, platform=LINUX, proxy=Proxy(), goog:chromeOptions={debuggerAddress=localhost:40585}, acceptInsecureCerts=false, browserVersion=79.0.3945.117, browserName=chrome, javascriptEnabled=true, platformName=LINUX, setWindowRect=true}]
Session ID: f2af72883ac50f2aa976a765fd73211b
at org.openqa.selenium.remote.http.W3CHttpResponseCodec.createException(W3CHttpResponseCodec.java:185)
at org.openqa.selenium.remote.http.W3CHttpResponseCodec.decode(W3CHttpResponseCodec.java:120)
at org.openqa.selenium.remote.http.W3CHttpResponseCodec.decode(W3CHttpResponseCodec.java:49)
at org.openqa.selenium.remote.HttpCommandExecutor.execute(HttpCommandExecutor.java:164)
at org.openqa.selenium.remote.service.DriverCommandExecutor.execute(DriverCommandExecutor.java:83)
at org.openqa.selenium.remote.RemoteWebDriver.execute(RemoteWebDriver.java:586)
at org.openqa.selenium.remote.RemoteWebDriver.get(RemoteWebDriver.java:310)
at Framework.GUI.commons.test.commonTest.setupExtentReport(commonTest.java:81)
at java.base/java.util.ArrayList.forEach(ArrayList.java:1540)
... Removed 35 stack frames]]>
    </failure>
  </testcase> <!-- @BeforeMethod setupExtentReport -->
  <testcase classname="TestScripts.DashBoard" name="@BeforeMethod BeforeMethod" time="-1.596866485777E9">
    <skipped/>
  </testcase> <!-- @BeforeMethod BeforeMethod -->
  <testcase classname="Framework.GUI.commons.test.commonTest" name="@AfterMethod addLogsIntoExtentReport" time="-1.596866485788E9">
    <skipped/>
  </testcase> <!-- @AfterMethod addLogsIntoExtentReport -->
  <testcase classname="Framework.GUI.commons.test.commonTest" name="@AfterMethod getResult" time="-1.596866485791E9">
    <skipped/>
  </testcase> <!-- @AfterMethod getResult -->
  <testcase classname="Framework.GUI.commons.test.commonTest" name="@AfterMethod setScreenCaptureTrue" time="-1.596866485793E9">
    <skipped/>
  </testcase> <!-- @AfterMethod setScreenCaptureTrue -->
  <testcase classname="Framework.GUI.commons.test.commonTest" name="@BeforeMethod setBrowserBeforeMethods" time="-1.596866485795E9">
    <skipped/>
  </testcase> <!-- @BeforeMethod setBrowserBeforeMethods -->
  <testcase classname="Framework.GUI.commons.test.commonTest" name="@BeforeMethod setupExtentReport" time="-1.596866485797E9">
    <skipped/>
  </testcase> <!-- @BeforeMethod setupExtentReport -->
  <testcase classname="TestScripts.DashBoard" name="@BeforeMethod BeforeMethod" time="-1.596866485798E9">
    <skipped/>
  </testcase> <!-- @BeforeMethod BeforeMethod -->
  <testcase classname="Framework.GUI.commons.test.commonTest" name="@AfterMethod addLogsIntoExtentReport" time="-1.596866485803E9">
    <skipped/>
  </testcase> <!-- @AfterMethod addLogsIntoExtentReport -->
  <testcase classname="Framework.GUI.commons.test.commonTest" name="@AfterMethod getResult" time="-1.596866485804E9">
    <skipped/>
  </testcase> <!-- @AfterMethod getResult -->
  <testcase classname="Framework.GUI.commons.test.commonTest" name="@AfterMethod setScreenCaptureTrue" time="-1.596866485804E9">
    <skipped/>
  </testcase> <!-- @AfterMethod setScreenCaptureTrue -->
  <testcase classname="Framework.GUI.commons.test.commonTest" name="@BeforeMethod setupExtentReport" time="0.007">
    <failure type="org.openqa.selenium.NoSuchWindowException" message="no such window: target window already closed
from unknown error: web view not found
  (Session info: chrome=79.0.3945.117)
Build info: version: &amp;apos;3.6.0&amp;apos;, revision: &amp;apos;6fbf3ec767&amp;apos;, time: &amp;apos;2017-09-27T15:28:36.4Z&amp;apos;
System info: host: &amp;apos;jishnu.kapoor&amp;apos;, ip: &amp;apos;127.0.1.1&amp;apos;, os.name: &amp;apos;Linux&amp;apos;, os.arch: &amp;apos;amd64&amp;apos;, os.version: &amp;apos;5.0.0-32-generic&amp;apos;, java.version: &amp;apos;11.0.4&amp;apos;
Driver info: org.openqa.selenium.chrome.ChromeDriver
Capabilities [{networkConnectionEnabled=false, chrome={chromedriverVersion=79.0.3945.36 (3582db32b33893869b8c1339e8f4d9ed1816f143-refs/branch-heads/3945@{#614}), userDataDir=/tmp/.com.google.Chrome.JVMgIB}, timeouts={implicit=0, pageLoad=300000, script=30000}, pageLoadStrategy=normal, unhandledPromptBehavior=dismiss and notify, strictFileInteractability=false, platform=LINUX, proxy=Proxy(), goog:chromeOptions={debuggerAddress=localhost:40585}, acceptInsecureCerts=false, browserVersion=79.0.3945.117, browserName=chrome, javascriptEnabled=true, platformName=LINUX, setWindowRect=true}]
Session ID: f2af72883ac50f2aa976a765fd73211b">
      <![CDATA[org.openqa.selenium.NoSuchWindowException: no such window: target window already closed
from unknown error: web view not found
  (Session info: chrome=79.0.3945.117)
Build info: version: '3.6.0', revision: '6fbf3ec767', time: '2017-09-27T15:28:36.4Z'
System info: host: 'jishnu.kapoor', ip: '127.0.1.1', os.name: 'Linux', os.arch: 'amd64', os.version: '5.0.0-32-generic', java.version: '11.0.4'
Driver info: org.openqa.selenium.chrome.ChromeDriver
Capabilities [{networkConnectionEnabled=false, chrome={chromedriverVersion=79.0.3945.36 (3582db32b33893869b8c1339e8f4d9ed1816f143-refs/branch-heads/3945@{#614}), userDataDir=/tmp/.com.google.Chrome.JVMgIB}, timeouts={implicit=0, pageLoad=300000, script=30000}, pageLoadStrategy=normal, unhandledPromptBehavior=dismiss and notify, strictFileInteractability=false, platform=LINUX, proxy=Proxy(), goog:chromeOptions={debuggerAddress=localhost:40585}, acceptInsecureCerts=false, browserVersion=79.0.3945.117, browserName=chrome, javascriptEnabled=true, platformName=LINUX, setWindowRect=true}]
Session ID: f2af72883ac50f2aa976a765fd73211b
at org.openqa.selenium.remote.http.W3CHttpResponseCodec.createException(W3CHttpResponseCodec.java:185)
at org.openqa.selenium.remote.http.W3CHttpResponseCodec.decode(W3CHttpResponseCodec.java:120)
at org.openqa.selenium.remote.http.W3CHttpResponseCodec.decode(W3CHttpResponseCodec.java:49)
at org.openqa.selenium.remote.HttpCommandExecutor.execute(HttpCommandExecutor.java:164)
at org.openqa.selenium.remote.service.DriverCommandExecutor.execute(DriverCommandExecutor.java:83)
at org.openqa.selenium.remote.RemoteWebDriver.execute(RemoteWebDriver.java:586)
at org.openqa.selenium.remote.RemoteWebDriver.get(RemoteWebDriver.java:310)
at Framework.GUI.commons.test.commonTest.setupExtentReport(commonTest.java:81)
at java.base/java.util.ArrayList.forEach(ArrayList.java:1540)
... Removed 35 stack frames]]>
    </failure>
  </testcase> <!-- @BeforeMethod setupExtentReport -->
  <testcase classname="TestScripts.WebHook" name="@BeforeMethod BeforeMethod" time="-1.596866485827E9">
    <skipped/>
  </testcase> <!-- @BeforeMethod BeforeMethod -->
  <testcase classname="Framework.GUI.commons.test.commonTest" name="@AfterMethod addLogsIntoExtentReport" time="-1.59686648583E9">
    <skipped/>
  </testcase> <!-- @AfterMethod addLogsIntoExtentReport -->
  <testcase classname="Framework.GUI.commons.test.commonTest" name="@AfterMethod getResult" time="-1.596866485831E9">
    <skipped/>
  </testcase> <!-- @AfterMethod getResult -->
  <testcase classname="Framework.GUI.commons.test.commonTest" name="@AfterMethod setScreenCaptureTrue" time="-1.596866485831E9">
    <skipped/>
  </testcase> <!-- @AfterMethod setScreenCaptureTrue -->
  <testcase classname="Framework.GUI.commons.test.commonTest" name="@BeforeMethod setBrowserBeforeMethods" time="-1.596866485832E9">
    <skipped/>
  </testcase> <!-- @BeforeMethod setBrowserBeforeMethods -->
  <testcase classname="Framework.GUI.commons.test.commonTest" name="@BeforeMethod setupExtentReport" time="-1.596866485833E9">
    <skipped/>
  </testcase> <!-- @BeforeMethod setupExtentReport -->
  <testcase classname="TestScripts.WebHook" name="@BeforeMethod BeforeMethod" time="-1.596866485833E9">
    <skipped/>
  </testcase> <!-- @BeforeMethod BeforeMethod -->
  <testcase classname="Framework.GUI.commons.test.commonTest" name="@AfterMethod addLogsIntoExtentReport" time="-1.596866485835E9">
    <skipped/>
  </testcase> <!-- @AfterMethod addLogsIntoExtentReport -->
  <testcase classname="Framework.GUI.commons.test.commonTest" name="@AfterMethod getResult" time="-1.596866485835E9">
    <skipped/>
  </testcase> <!-- @AfterMethod getResult -->
  <testcase classname="Framework.GUI.commons.test.commonTest" name="@AfterMethod setScreenCaptureTrue" time="-1.596866485836E9">
    <skipped/>
  </testcase> <!-- @AfterMethod setScreenCaptureTrue -->
  <testcase classname="Framework.GUI.commons.test.commonTest" name="@BeforeMethod setBrowserBeforeMethods" time="-1.596866485836E9">
    <skipped/>
  </testcase> <!-- @BeforeMethod setBrowserBeforeMethods -->
  <testcase classname="Framework.GUI.commons.test.commonTest" name="@BeforeMethod setupExtentReport" time="-1.59686648584E9">
    <skipped/>
  </testcase> <!-- @BeforeMethod setupExtentReport -->
  <testcase classname="TestScripts.WebHook" name="@BeforeMethod BeforeMethod" time="-1.596866485842E9">
    <skipped/>
  </testcase> <!-- @BeforeMethod BeforeMethod -->
  <testcase classname="Framework.GUI.commons.test.commonTest" name="@AfterMethod addLogsIntoExtentReport" time="-1.596866485848E9">
    <skipped/>
  </testcase> <!-- @AfterMethod addLogsIntoExtentReport -->
  <testcase classname="Framework.GUI.commons.test.commonTest" name="@AfterMethod getResult" time="-1.596866485848E9">
    <skipped/>
  </testcase> <!-- @AfterMethod getResult -->
  <testcase classname="Framework.GUI.commons.test.commonTest" name="@AfterMethod setScreenCaptureTrue" time="-1.596866485849E9">
    <skipped/>
  </testcase> <!-- @AfterMethod setScreenCaptureTrue -->
  <testcase classname="Framework.GUI.commons.test.commonTest" name="@BeforeMethod setBrowserBeforeMethods" time="-1.596866485854E9">
    <skipped/>
  </testcase> <!-- @BeforeMethod setBrowserBeforeMethods -->
  <testcase classname="Framework.GUI.commons.test.commonTest" name="@BeforeMethod setupExtentReport" time="-1.596866485855E9">
    <skipped/>
  </testcase> <!-- @BeforeMethod setupExtentReport -->
  <testcase classname="TestScripts.WebHook" name="@BeforeMethod BeforeMethod" time="-1.596866485855E9">
    <skipped/>
  </testcase> <!-- @BeforeMethod BeforeMethod -->
  <testcase classname="Framework.GUI.commons.test.commonTest" name="@AfterMethod addLogsIntoExtentReport" time="-1.596866485857E9">
    <skipped/>
  </testcase> <!-- @AfterMethod addLogsIntoExtentReport -->
  <testcase classname="Framework.GUI.commons.test.commonTest" name="@AfterMethod getResult" time="-1.596866485857E9">
    <skipped/>
  </testcase> <!-- @AfterMethod getResult -->
  <testcase classname="Framework.GUI.commons.test.commonTest" name="@AfterMethod setScreenCaptureTrue" time="-1.596866485861E9">
    <skipped/>
  </testcase> <!-- @AfterMethod setScreenCaptureTrue -->
  <testcase classname="Framework.GUI.commons.test.commonTest" name="@BeforeMethod setBrowserBeforeMethods" time="-1.596866485863E9">
    <skipped/>
  </testcase> <!-- @BeforeMethod setBrowserBeforeMethods -->
  <testcase classname="Framework.GUI.commons.test.commonTest" name="@BeforeMethod setupExtentReport" time="-1.596866485864E9">
    <skipped/>
  </testcase> <!-- @BeforeMethod setupExtentReport -->
  <testcase classname="TestScripts.WebHook" name="@BeforeMethod BeforeMethod" time="-1.596866485866E9">
    <skipped/>
  </testcase> <!-- @BeforeMethod BeforeMethod -->
  <testcase classname="Framework.GUI.commons.test.commonTest" name="@AfterMethod addLogsIntoExtentReport" time="-1.596866485868E9">
    <skipped/>
  </testcase> <!-- @AfterMethod addLogsIntoExtentReport -->
  <testcase classname="Framework.GUI.commons.test.commonTest" name="@AfterMethod getResult" time="-1.596866485868E9">
    <skipped/>
  </testcase> <!-- @AfterMethod getResult -->
  <testcase classname="Framework.GUI.commons.test.commonTest" name="@AfterMethod setScreenCaptureTrue" time="-1.596866485869E9">
    <skipped/>
  </testcase> <!-- @AfterMethod setScreenCaptureTrue -->
  <testcase classname="Framework.GUI.commons.test.commonTest" name="@BeforeMethod setBrowserBeforeMethods" time="-1.596866485869E9">
    <skipped/>
  </testcase> <!-- @BeforeMethod setBrowserBeforeMethods -->
  <testcase classname="Framework.GUI.commons.test.commonTest" name="@BeforeMethod setupExtentReport" time="-1.596866485869E9">
    <skipped/>
  </testcase> <!-- @BeforeMethod setupExtentReport -->
  <testcase classname="TestScripts.WebHook" name="@BeforeMethod BeforeMethod" time="-1.59686648587E9">
    <skipped/>
  </testcase> <!-- @BeforeMethod BeforeMethod -->
  <testcase classname="Framework.GUI.commons.test.commonTest" name="@AfterMethod addLogsIntoExtentReport" time="-1.596866485871E9">
    <skipped/>
  </testcase> <!-- @AfterMethod addLogsIntoExtentReport -->
  <testcase classname="Framework.GUI.commons.test.commonTest" name="@AfterMethod getResult" time="-1.596866485871E9">
    <skipped/>
  </testcase> <!-- @AfterMethod getResult -->
  <testcase classname="Framework.GUI.commons.test.commonTest" name="@AfterMethod setScreenCaptureTrue" time="-1.596866485872E9">
    <skipped/>
  </testcase> <!-- @AfterMethod setScreenCaptureTrue -->
  <testcase classname="Framework.GUI.commons.test.commonTest" name="@BeforeMethod setBrowserBeforeMethods" time="-1.596866485872E9">
    <skipped/>
  </testcase> <!-- @BeforeMethod setBrowserBeforeMethods -->
  <testcase classname="Framework.GUI.commons.test.commonTest" name="@BeforeMethod setupExtentReport" time="-1.596866485872E9">
    <skipped/>
  </testcase> <!-- @BeforeMethod setupExtentReport -->
  <testcase classname="TestScripts.WebHook" name="@BeforeMethod BeforeMethod" time="-1.596866485872E9">
    <skipped/>
  </testcase> <!-- @BeforeMethod BeforeMethod -->
  <testcase classname="Framework.GUI.commons.test.commonTest" name="@AfterMethod addLogsIntoExtentReport" time="-1.596866485874E9">
    <skipped/>
  </testcase> <!-- @AfterMethod addLogsIntoExtentReport -->
  <testcase classname="Framework.GUI.commons.test.commonTest" name="@AfterMethod getResult" time="-1.596866485874E9">
    <skipped/>
  </testcase> <!-- @AfterMethod getResult -->
  <testcase classname="Framework.GUI.commons.test.commonTest" name="@AfterMethod setScreenCaptureTrue" time="-1.596866485875E9">
    <skipped/>
  </testcase> <!-- @AfterMethod setScreenCaptureTrue -->
  <testcase classname="Framework.GUI.commons.test.commonTest" name="@BeforeMethod setBrowserBeforeMethods" time="-1.596866485875E9">
    <skipped/>
  </testcase> <!-- @BeforeMethod setBrowserBeforeMethods -->
  <testcase classname="Framework.GUI.commons.test.commonTest" name="@BeforeMethod setupExtentReport" time="-1.596866485875E9">
    <skipped/>
  </testcase> <!-- @BeforeMethod setupExtentReport -->
  <testcase classname="TestScripts.WebHook" name="@BeforeMethod BeforeMethod" time="-1.596866485876E9">
    <skipped/>
  </testcase> <!-- @BeforeMethod BeforeMethod -->
  <testcase classname="Framework.GUI.commons.test.commonTest" name="@AfterMethod addLogsIntoExtentReport" time="-1.596866485883E9">
    <skipped/>
  </testcase> <!-- @AfterMethod addLogsIntoExtentReport -->
  <testcase classname="Framework.GUI.commons.test.commonTest" name="@AfterMethod getResult" time="-1.596866485885E9">
    <skipped/>
  </testcase> <!-- @AfterMethod getResult -->
  <testcase classname="Framework.GUI.commons.test.commonTest" name="@AfterMethod setScreenCaptureTrue" time="-1.596866485886E9">
    <skipped/>
  </testcase> <!-- @AfterMethod setScreenCaptureTrue -->
  <testcase classname="Framework.GUI.commons.test.commonTest" name="@BeforeMethod setBrowserBeforeMethods" time="-1.596866485888E9">
    <skipped/>
  </testcase> <!-- @BeforeMethod setBrowserBeforeMethods -->
  <testcase classname="Framework.GUI.commons.test.commonTest" name="@BeforeMethod setupExtentReport" time="-1.596866485889E9">
    <skipped/>
  </testcase> <!-- @BeforeMethod setupExtentReport -->
  <testcase classname="TestScripts.WebHook" name="@BeforeMethod BeforeMethod" time="-1.596866485889E9">
    <skipped/>
  </testcase> <!-- @BeforeMethod BeforeMethod -->
  <testcase classname="Framework.GUI.commons.test.commonTest" name="@AfterMethod addLogsIntoExtentReport" time="-1.596866485893E9">
    <skipped/>
  </testcase> <!-- @AfterMethod addLogsIntoExtentReport -->
  <testcase classname="Framework.GUI.commons.test.commonTest" name="@AfterMethod getResult" time="-1.596866485894E9">
    <skipped/>
  </testcase> <!-- @AfterMethod getResult -->
  <testcase classname="Framework.GUI.commons.test.commonTest" name="@AfterMethod setScreenCaptureTrue" time="-1.596866485895E9">
    <skipped/>
  </testcase> <!-- @AfterMethod setScreenCaptureTrue -->
  <testcase classname="Framework.GUI.commons.test.commonTest" name="@BeforeMethod setBrowserBeforeMethods" time="-1.596866485899E9">
    <skipped/>
  </testcase> <!-- @BeforeMethod setBrowserBeforeMethods -->
  <testcase classname="Framework.GUI.commons.test.commonTest" name="@BeforeMethod setupExtentReport" time="-1.596866485901E9">
    <skipped/>
  </testcase> <!-- @BeforeMethod setupExtentReport -->
  <testcase classname="TestScripts.WebHook" name="@BeforeMethod BeforeMethod" time="-1.596866485901E9">
    <skipped/>
  </testcase> <!-- @BeforeMethod BeforeMethod -->
  <testcase classname="Framework.GUI.commons.test.commonTest" name="@AfterMethod addLogsIntoExtentReport" time="-1.596866485906E9">
    <skipped/>
  </testcase> <!-- @AfterMethod addLogsIntoExtentReport -->
  <testcase classname="Framework.GUI.commons.test.commonTest" name="@AfterMethod getResult" time="-1.596866485907E9">
    <skipped/>
  </testcase> <!-- @AfterMethod getResult -->
  <testcase classname="Framework.GUI.commons.test.commonTest" name="@AfterMethod setScreenCaptureTrue" time="-1.596866485908E9">
    <skipped/>
  </testcase> <!-- @AfterMethod setScreenCaptureTrue -->
  <testcase classname="Framework.GUI.commons.test.commonTest" name="@BeforeMethod setBrowserBeforeMethods" time="-1.596866485909E9">
    <skipped/>
  </testcase> <!-- @BeforeMethod setBrowserBeforeMethods -->
  <testcase classname="Framework.GUI.commons.test.commonTest" name="@BeforeMethod setupExtentReport" time="-1.596866485913E9">
    <skipped/>
  </testcase> <!-- @BeforeMethod setupExtentReport -->
  <testcase classname="TestScripts.WebHook" name="@BeforeMethod BeforeMethod" time="-1.596866485914E9">
    <skipped/>
  </testcase> <!-- @BeforeMethod BeforeMethod -->
  <testcase classname="Framework.GUI.commons.test.commonTest" name="@AfterMethod addLogsIntoExtentReport" time="-1.596866485917E9">
    <skipped/>
  </testcase> <!-- @AfterMethod addLogsIntoExtentReport -->
  <testcase classname="Framework.GUI.commons.test.commonTest" name="@AfterMethod getResult" time="-1.596866485918E9">
    <skipped/>
  </testcase> <!-- @AfterMethod getResult -->
  <testcase classname="Framework.GUI.commons.test.commonTest" name="@AfterMethod setScreenCaptureTrue" time="-1.596866485918E9">
    <skipped/>
  </testcase> <!-- @AfterMethod setScreenCaptureTrue -->
  <testcase classname="Framework.GUI.commons.test.commonTest" name="@BeforeMethod setBrowserBeforeMethods" time="-1.596866485919E9">
    <skipped/>
  </testcase> <!-- @BeforeMethod setBrowserBeforeMethods -->
  <testcase classname="Framework.GUI.commons.test.commonTest" name="@BeforeMethod setupExtentReport" time="-1.59686648592E9">
    <skipped/>
  </testcase> <!-- @BeforeMethod setupExtentReport -->
  <testcase classname="TestScripts.WebHook" name="@BeforeMethod BeforeMethod" time="-1.59686648592E9">
    <skipped/>
  </testcase> <!-- @BeforeMethod BeforeMethod -->
  <testcase classname="Framework.GUI.commons.test.commonTest" name="@AfterMethod addLogsIntoExtentReport" time="-1.596866485924E9">
    <skipped/>
  </testcase> <!-- @AfterMethod addLogsIntoExtentReport -->
  <testcase classname="Framework.GUI.commons.test.commonTest" name="@AfterMethod getResult" time="-1.596866485925E9">
    <skipped/>
  </testcase> <!-- @AfterMethod getResult -->
  <testcase classname="Framework.GUI.commons.test.commonTest" name="@AfterMethod setScreenCaptureTrue" time="-1.596866485925E9">
    <skipped/>
  </testcase> <!-- @AfterMethod setScreenCaptureTrue -->
  <testcase classname="Framework.GUI.commons.test.commonTest" name="@BeforeMethod setBrowserBeforeMethods" time="-1.596866485931E9">
    <skipped/>
  </testcase> <!-- @BeforeMethod setBrowserBeforeMethods -->
  <testcase classname="Framework.GUI.commons.test.commonTest" name="@BeforeMethod setupExtentReport" time="-1.596866485932E9">
    <skipped/>
  </testcase> <!-- @BeforeMethod setupExtentReport -->
  <testcase classname="TestScripts.WebHook" name="@BeforeMethod BeforeMethod" time="-1.596866485933E9">
    <skipped/>
  </testcase> <!-- @BeforeMethod BeforeMethod -->
  <testcase classname="Framework.GUI.commons.test.commonTest" name="@AfterMethod addLogsIntoExtentReport" time="-1.596866485938E9">
    <skipped/>
  </testcase> <!-- @AfterMethod addLogsIntoExtentReport -->
  <testcase classname="Framework.GUI.commons.test.commonTest" name="@AfterMethod getResult" time="-1.596866485938E9">
    <skipped/>
  </testcase> <!-- @AfterMethod getResult -->
  <testcase classname="Framework.GUI.commons.test.commonTest" name="@AfterMethod setScreenCaptureTrue" time="-1.596866485942E9">
    <skipped/>
  </testcase> <!-- @AfterMethod setScreenCaptureTrue -->
  <testcase classname="Framework.GUI.commons.test.commonTest" name="@BeforeMethod setBrowserBeforeMethods" time="-1.596866485944E9">
    <skipped/>
  </testcase> <!-- @BeforeMethod setBrowserBeforeMethods -->
  <testcase classname="Framework.GUI.commons.test.commonTest" name="@BeforeMethod setupExtentReport" time="-1.596866485945E9">
    <skipped/>
  </testcase> <!-- @BeforeMethod setupExtentReport -->
  <testcase classname="TestScripts.WebHook" name="@BeforeMethod BeforeMethod" time="-1.596866485947E9">
    <skipped/>
  </testcase> <!-- @BeforeMethod BeforeMethod -->
  <testcase classname="Framework.GUI.commons.test.commonTest" name="@AfterMethod addLogsIntoExtentReport" time="-1.596866485952E9">
    <skipped/>
  </testcase> <!-- @AfterMethod addLogsIntoExtentReport -->
  <testcase classname="Framework.GUI.commons.test.commonTest" name="@AfterMethod getResult" time="-1.596866485953E9">
    <skipped/>
  </testcase> <!-- @AfterMethod getResult -->
  <testcase classname="Framework.GUI.commons.test.commonTest" name="@AfterMethod setScreenCaptureTrue" time="-1.596866485954E9">
    <skipped/>
  </testcase> <!-- @AfterMethod setScreenCaptureTrue -->
  <testcase classname="Framework.GUI.commons.test.commonTest" name="@BeforeMethod setBrowserBeforeMethods" time="-1.596866485956E9">
    <skipped/>
  </testcase> <!-- @BeforeMethod setBrowserBeforeMethods -->
  <testcase classname="Framework.GUI.commons.test.commonTest" name="@BeforeMethod setupExtentReport" time="-1.596866485956E9">
    <skipped/>
  </testcase> <!-- @BeforeMethod setupExtentReport -->
  <testcase classname="TestScripts.WebHook" name="@BeforeMethod BeforeMethod" time="-1.596866485957E9">
    <skipped/>
  </testcase> <!-- @BeforeMethod BeforeMethod -->
  <testcase classname="Framework.GUI.commons.test.commonTest" name="@AfterMethod addLogsIntoExtentReport" time="-1.596866485959E9">
    <skipped/>
  </testcase> <!-- @AfterMethod addLogsIntoExtentReport -->
  <testcase classname="Framework.GUI.commons.test.commonTest" name="@AfterMethod getResult" time="-1.59686648596E9">
    <skipped/>
  </testcase> <!-- @AfterMethod getResult -->
  <testcase classname="Framework.GUI.commons.test.commonTest" name="@AfterMethod setScreenCaptureTrue" time="-1.59686648596E9">
    <skipped/>
  </testcase> <!-- @AfterMethod setScreenCaptureTrue -->
  <testcase classname="Framework.GUI.commons.test.commonTest" name="@BeforeMethod setBrowserBeforeMethods" time="-1.596866485963E9">
    <skipped/>
  </testcase> <!-- @BeforeMethod setBrowserBeforeMethods -->
  <testcase classname="Framework.GUI.commons.test.commonTest" name="@BeforeMethod setupExtentReport" time="-1.596866485963E9">
    <skipped/>
  </testcase> <!-- @BeforeMethod setupExtentReport -->
  <testcase classname="TestScripts.WebHook" name="@BeforeMethod BeforeMethod" time="-1.596866485964E9">
    <skipped/>
  </testcase> <!-- @BeforeMethod BeforeMethod -->
  <testcase classname="Framework.GUI.commons.test.commonTest" name="@AfterMethod addLogsIntoExtentReport" time="-1.596866485968E9">
    <skipped/>
  </testcase> <!-- @AfterMethod addLogsIntoExtentReport -->
  <testcase classname="Framework.GUI.commons.test.commonTest" name="@AfterMethod getResult" time="-1.596866485968E9">
    <skipped/>
  </testcase> <!-- @AfterMethod getResult -->
  <testcase classname="Framework.GUI.commons.test.commonTest" name="@AfterMethod setScreenCaptureTrue" time="-1.596866485969E9">
    <skipped/>
  </testcase> <!-- @AfterMethod setScreenCaptureTrue -->
  <testcase classname="Framework.GUI.commons.test.commonTest" name="@BeforeMethod setBrowserBeforeMethods" time="-1.596866485969E9">
    <skipped/>
  </testcase> <!-- @BeforeMethod setBrowserBeforeMethods -->
  <testcase classname="Framework.GUI.commons.test.commonTest" name="@BeforeMethod setupExtentReport" time="-1.59686648597E9">
    <skipped/>
  </testcase> <!-- @BeforeMethod setupExtentReport -->
  <testcase classname="TestScripts.WebHook" name="@BeforeMethod BeforeMethod" time="-1.59686648597E9">
    <skipped/>
  </testcase> <!-- @BeforeMethod BeforeMethod -->
  <testcase classname="Framework.GUI.commons.test.commonTest" name="@AfterMethod addLogsIntoExtentReport" time="-1.596866485972E9">
    <skipped/>
  </testcase> <!-- @AfterMethod addLogsIntoExtentReport -->
  <testcase classname="Framework.GUI.commons.test.commonTest" name="@AfterMethod getResult" time="-1.596866485973E9">
    <skipped/>
  </testcase> <!-- @AfterMethod getResult -->
  <testcase classname="Framework.GUI.commons.test.commonTest" name="@AfterMethod setScreenCaptureTrue" time="-1.596866485973E9">
    <skipped/>
  </testcase> <!-- @AfterMethod setScreenCaptureTrue -->
  <testcase classname="Framework.GUI.commons.test.commonTest" name="@BeforeMethod setBrowserBeforeMethods" time="-1.596866485976E9">
    <skipped/>
  </testcase> <!-- @BeforeMethod setBrowserBeforeMethods -->
  <testcase classname="Framework.GUI.commons.test.commonTest" name="@BeforeMethod setupExtentReport" time="-1.596866485976E9">
    <skipped/>
  </testcase> <!-- @BeforeMethod setupExtentReport -->
  <testcase classname="TestScripts.WebHook" name="@BeforeMethod BeforeMethod" time="-1.596866485976E9">
    <skipped/>
  </testcase> <!-- @BeforeMethod BeforeMethod -->
  <testcase classname="Framework.GUI.commons.test.commonTest" name="@AfterMethod addLogsIntoExtentReport" time="-1.596866485977E9">
    <skipped/>
  </testcase> <!-- @AfterMethod addLogsIntoExtentReport -->
  <testcase classname="Framework.GUI.commons.test.commonTest" name="@AfterMethod getResult" time="-1.596866485977E9">
    <skipped/>
  </testcase> <!-- @AfterMethod getResult -->
  <testcase classname="Framework.GUI.commons.test.commonTest" name="@AfterMethod setScreenCaptureTrue" time="-1.596866485978E9">
    <skipped/>
  </testcase> <!-- @AfterMethod setScreenCaptureTrue -->
  <testcase classname="Framework.GUI.commons.test.commonTest" name="@BeforeMethod setBrowserBeforeMethods" time="-1.59686648598E9">
    <skipped/>
  </testcase> <!-- @BeforeMethod setBrowserBeforeMethods -->
  <testcase classname="Framework.GUI.commons.test.commonTest" name="@BeforeMethod setupExtentReport" time="-1.596866485981E9">
    <skipped/>
  </testcase> <!-- @BeforeMethod setupExtentReport -->
  <testcase classname="TestScripts.WebHook" name="@BeforeMethod BeforeMethod" time="-1.596866485981E9">
    <skipped/>
  </testcase> <!-- @BeforeMethod BeforeMethod -->
  <testcase classname="Framework.GUI.commons.test.commonTest" name="@AfterMethod addLogsIntoExtentReport" time="-1.596866485985E9">
    <skipped/>
  </testcase> <!-- @AfterMethod addLogsIntoExtentReport -->
  <testcase classname="Framework.GUI.commons.test.commonTest" name="@AfterMethod getResult" time="-1.596866485985E9">
    <skipped/>
  </testcase> <!-- @AfterMethod getResult -->
  <testcase classname="Framework.GUI.commons.test.commonTest" name="@AfterMethod setScreenCaptureTrue" time="-1.596866485985E9">
    <skipped/>
  </testcase> <!-- @AfterMethod setScreenCaptureTrue -->
  <testcase classname="Framework.GUI.commons.test.commonTest" name="@BeforeMethod setBrowserBeforeMethods" time="-1.596866485986E9">
    <skipped/>
  </testcase> <!-- @BeforeMethod setBrowserBeforeMethods -->
  <testcase classname="Framework.GUI.commons.test.commonTest" name="@BeforeMethod setupExtentReport" time="-1.596866485986E9">
    <skipped/>
  </testcase> <!-- @BeforeMethod setupExtentReport -->
  <testcase classname="TestScripts.WebHook" name="@BeforeMethod BeforeMethod" time="-1.596866485986E9">
    <skipped/>
  </testcase> <!-- @BeforeMethod BeforeMethod -->
  <testcase classname="Framework.GUI.commons.test.commonTest" name="@AfterMethod addLogsIntoExtentReport" time="-1.596866485989E9">
    <skipped/>
  </testcase> <!-- @AfterMethod addLogsIntoExtentReport -->
  <testcase classname="Framework.GUI.commons.test.commonTest" name="@AfterMethod getResult" time="-1.596866485989E9">
    <skipped/>
  </testcase> <!-- @AfterMethod getResult -->
  <testcase classname="Framework.GUI.commons.test.commonTest" name="@AfterMethod setScreenCaptureTrue" time="-1.59686648599E9">
    <skipped/>
  </testcase> <!-- @AfterMethod setScreenCaptureTrue -->
  <testcase classname="Framework.GUI.commons.test.commonTest" name="@BeforeMethod setBrowserBeforeMethods" time="-1.596866485991E9">
    <skipped/>
  </testcase> <!-- @BeforeMethod setBrowserBeforeMethods -->
  <testcase classname="Framework.GUI.commons.test.commonTest" name="@BeforeMethod setupExtentReport" time="-1.596866485991E9">
    <skipped/>
  </testcase> <!-- @BeforeMethod setupExtentReport -->
  <testcase classname="TestScripts.WebHook" name="@BeforeMethod BeforeMethod" time="-1.596866485992E9">
    <skipped/>
  </testcase> <!-- @BeforeMethod BeforeMethod -->
  <testcase classname="Framework.GUI.commons.test.commonTest" name="@AfterMethod addLogsIntoExtentReport" time="-1.596866485995E9">
    <skipped/>
  </testcase> <!-- @AfterMethod addLogsIntoExtentReport -->
  <testcase classname="Framework.GUI.commons.test.commonTest" name="@AfterMethod getResult" time="-1.596866485996E9">
    <skipped/>
  </testcase> <!-- @AfterMethod getResult -->
  <testcase classname="Framework.GUI.commons.test.commonTest" name="@AfterMethod setScreenCaptureTrue" time="-1.596866485996E9">
    <skipped/>
  </testcase> <!-- @AfterMethod setScreenCaptureTrue -->
  <testcase classname="Framework.GUI.commons.test.commonTest" name="@BeforeMethod setBrowserBeforeMethods" time="-1.596866485997E9">
    <skipped/>
  </testcase> <!-- @BeforeMethod setBrowserBeforeMethods -->
  <testcase classname="Framework.GUI.commons.test.commonTest" name="@BeforeMethod setupExtentReport" time="-1.596866485997E9">
    <skipped/>
  </testcase> <!-- @BeforeMethod setupExtentReport -->
  <testcase classname="TestScripts.WebHook" name="@BeforeMethod BeforeMethod" time="-1.596866485997E9">
    <skipped/>
  </testcase> <!-- @BeforeMethod BeforeMethod -->
  <testcase classname="Framework.GUI.commons.test.commonTest" name="@AfterMethod addLogsIntoExtentReport" time="-1.596866485999E9">
    <skipped/>
  </testcase> <!-- @AfterMethod addLogsIntoExtentReport -->
  <testcase classname="Framework.GUI.commons.test.commonTest" name="@AfterMethod getResult" time="-1.596866486E9">
    <skipped/>
  </testcase> <!-- @AfterMethod getResult -->
  <testcase classname="Framework.GUI.commons.test.commonTest" name="@AfterMethod setScreenCaptureTrue" time="-1.596866486001E9">
    <skipped/>
  </testcase> <!-- @AfterMethod setScreenCaptureTrue -->
  <testcase classname="Framework.GUI.commons.test.commonTest" name="@BeforeMethod setBrowserBeforeMethods" time="-1.596866486001E9">
    <skipped/>
  </testcase> <!-- @BeforeMethod setBrowserBeforeMethods -->
  <testcase classname="Framework.GUI.commons.test.commonTest" name="@BeforeMethod setupExtentReport" time="-1.596866486001E9">
    <skipped/>
  </testcase> <!-- @BeforeMethod setupExtentReport -->
  <testcase classname="TestScripts.WebHook" name="@BeforeMethod BeforeMethod" time="-1.596866486001E9">
    <skipped/>
  </testcase> <!-- @BeforeMethod BeforeMethod -->
  <testcase classname="Framework.GUI.commons.test.commonTest" name="@AfterMethod addLogsIntoExtentReport" time="-1.596866486003E9">
    <skipped/>
  </testcase> <!-- @AfterMethod addLogsIntoExtentReport -->
  <testcase classname="Framework.GUI.commons.test.commonTest" name="@AfterMethod getResult" time="-1.596866486003E9">
    <skipped/>
  </testcase> <!-- @AfterMethod getResult -->
  <testcase classname="Framework.GUI.commons.test.commonTest" name="@AfterMethod setScreenCaptureTrue" time="-1.596866486003E9">
    <skipped/>
  </testcase> <!-- @AfterMethod setScreenCaptureTrue -->
  <testcase classname="Framework.GUI.commons.test.commonTest" name="@BeforeMethod setBrowserBeforeMethods" time="-1.596866486004E9">
    <skipped/>
  </testcase> <!-- @BeforeMethod setBrowserBeforeMethods -->
  <testcase classname="Framework.GUI.commons.test.commonTest" name="@BeforeMethod setupExtentReport" time="-1.596866486004E9">
    <skipped/>
  </testcase> <!-- @BeforeMethod setupExtentReport -->
  <testcase classname="TestScripts.WebHook" name="@BeforeMethod BeforeMethod" time="-1.596866486004E9">
    <skipped/>
  </testcase> <!-- @BeforeMethod BeforeMethod -->
  <testcase classname="Framework.GUI.commons.test.commonTest" name="@AfterMethod addLogsIntoExtentReport" time="-1.596866486005E9">
    <skipped/>
  </testcase> <!-- @AfterMethod addLogsIntoExtentReport -->
  <testcase classname="Framework.GUI.commons.test.commonTest" name="@AfterMethod getResult" time="-1.596866486005E9">
    <skipped/>
  </testcase> <!-- @AfterMethod getResult -->
  <testcase classname="Framework.GUI.commons.test.commonTest" name="@AfterMethod setScreenCaptureTrue" time="-1.596866486006E9">
    <skipped/>
  </testcase> <!-- @AfterMethod setScreenCaptureTrue -->
  <testcase classname="Framework.GUI.commons.test.commonTest" name="@BeforeMethod setBrowserBeforeMethods" time="-1.596866486006E9">
    <skipped/>
  </testcase> <!-- @BeforeMethod setBrowserBeforeMethods -->
  <testcase classname="Framework.GUI.commons.test.commonTest" name="@BeforeMethod setupExtentReport" time="-1.596866486007E9">
    <skipped/>
  </testcase> <!-- @BeforeMethod setupExtentReport -->
  <testcase classname="TestScripts.WebHook" name="@BeforeMethod BeforeMethod" time="-1.596866486007E9">
    <skipped/>
  </testcase> <!-- @BeforeMethod BeforeMethod -->
  <testcase classname="Framework.GUI.commons.test.commonTest" name="@AfterMethod addLogsIntoExtentReport" time="-1.596866486008E9">
    <skipped/>
  </testcase> <!-- @AfterMethod addLogsIntoExtentReport -->
  <testcase classname="Framework.GUI.commons.test.commonTest" name="@AfterMethod getResult" time="-1.596866486008E9">
    <skipped/>
  </testcase> <!-- @AfterMethod getResult -->
  <testcase classname="Framework.GUI.commons.test.commonTest" name="@AfterMethod setScreenCaptureTrue" time="-1.596866486008E9">
    <skipped/>
  </testcase> <!-- @AfterMethod setScreenCaptureTrue -->
  <testcase classname="Framework.GUI.commons.test.commonTest" name="@BeforeMethod setBrowserBeforeMethods" time="-1.596866486009E9">
    <skipped/>
  </testcase> <!-- @BeforeMethod setBrowserBeforeMethods -->
  <testcase classname="Framework.GUI.commons.test.commonTest" name="@BeforeMethod setupExtentReport" time="-1.596866486009E9">
    <skipped/>
  </testcase> <!-- @BeforeMethod setupExtentReport -->
  <testcase classname="TestScripts.WebHook" name="@BeforeMethod BeforeMethod" time="-1.596866486009E9">
    <skipped/>
  </testcase> <!-- @BeforeMethod BeforeMethod -->
  <testcase classname="Framework.GUI.commons.test.commonTest" name="@AfterMethod addLogsIntoExtentReport" time="-1.596866486011E9">
    <skipped/>
  </testcase> <!-- @AfterMethod addLogsIntoExtentReport -->
  <testcase classname="Framework.GUI.commons.test.commonTest" name="@AfterMethod getResult" time="-1.596866486012E9">
    <skipped/>
  </testcase> <!-- @AfterMethod getResult -->
  <testcase classname="Framework.GUI.commons.test.commonTest" name="@AfterMethod setScreenCaptureTrue" time="-1.596866486013E9">
    <skipped/>
  </testcase> <!-- @AfterMethod setScreenCaptureTrue -->
  <testcase classname="Framework.GUI.commons.test.commonTest" name="@BeforeMethod setBrowserBeforeMethods" time="-1.596866486013E9">
    <skipped/>
  </testcase> <!-- @BeforeMethod setBrowserBeforeMethods -->
  <testcase classname="Framework.GUI.commons.test.commonTest" name="@BeforeMethod setupExtentReport" time="-1.596866486014E9">
    <skipped/>
  </testcase> <!-- @BeforeMethod setupExtentReport -->
  <testcase classname="TestScripts.WebHook" name="@BeforeMethod BeforeMethod" time="-1.596866486014E9">
    <skipped/>
  </testcase> <!-- @BeforeMethod BeforeMethod -->
  <testcase classname="Framework.GUI.commons.test.commonTest" name="@AfterMethod addLogsIntoExtentReport" time="-1.596866486015E9">
    <skipped/>
  </testcase> <!-- @AfterMethod addLogsIntoExtentReport -->
  <testcase classname="Framework.GUI.commons.test.commonTest" name="@AfterMethod getResult" time="-1.596866486015E9">
    <skipped/>
  </testcase> <!-- @AfterMethod getResult -->
  <testcase classname="Framework.GUI.commons.test.commonTest" name="@AfterMethod setScreenCaptureTrue" time="-1.596866486015E9">
    <skipped/>
  </testcase> <!-- @AfterMethod setScreenCaptureTrue -->
  <testcase classname="Framework.GUI.commons.test.commonTest" name="@BeforeMethod setBrowserBeforeMethods" time="-1.596866486018E9">
    <skipped/>
  </testcase> <!-- @BeforeMethod setBrowserBeforeMethods -->
  <testcase classname="Framework.GUI.commons.test.commonTest" name="@BeforeMethod setupExtentReport" time="-1.596866486018E9">
    <skipped/>
  </testcase> <!-- @BeforeMethod setupExtentReport -->
  <testcase classname="TestScripts.WebHook" name="@BeforeMethod BeforeMethod" time="-1.596866486019E9">
    <skipped/>
  </testcase> <!-- @BeforeMethod BeforeMethod -->
  <testcase classname="Framework.GUI.commons.test.commonTest" name="@AfterMethod addLogsIntoExtentReport" time="-1.596866486022E9">
    <skipped/>
  </testcase> <!-- @AfterMethod addLogsIntoExtentReport -->
  <testcase classname="Framework.GUI.commons.test.commonTest" name="@AfterMethod getResult" time="-1.596866486023E9">
    <skipped/>
  </testcase> <!-- @AfterMethod getResult -->
  <testcase classname="Framework.GUI.commons.test.commonTest" name="@AfterMethod setScreenCaptureTrue" time="-1.596866486024E9">
    <skipped/>
  </testcase> <!-- @AfterMethod setScreenCaptureTrue -->
  <testcase classname="Framework.GUI.commons.test.commonTest" name="@BeforeMethod setBrowserBeforeMethods" time="-1.596866486025E9">
    <skipped/>
  </testcase> <!-- @BeforeMethod setBrowserBeforeMethods -->
  <testcase classname="Framework.GUI.commons.test.commonTest" name="@BeforeMethod setupExtentReport" time="-1.596866486025E9">
    <skipped/>
  </testcase> <!-- @BeforeMethod setupExtentReport -->
  <testcase classname="TestScripts.WebHook" name="@BeforeMethod BeforeMethod" time="-1.596866486026E9">
    <skipped/>
  </testcase> <!-- @BeforeMethod BeforeMethod -->
  <testcase classname="Framework.GUI.commons.test.commonTest" name="@AfterMethod addLogsIntoExtentReport" time="-1.596866486032E9">
    <skipped/>
  </testcase> <!-- @AfterMethod addLogsIntoExtentReport -->
  <testcase classname="Framework.GUI.commons.test.commonTest" name="@AfterMethod getResult" time="-1.596866486033E9">
    <skipped/>
  </testcase> <!-- @AfterMethod getResult -->
  <testcase classname="Framework.GUI.commons.test.commonTest" name="@AfterMethod setScreenCaptureTrue" time="-1.596866486038E9">
    <skipped/>
  </testcase> <!-- @AfterMethod setScreenCaptureTrue -->
  <testcase classname="Framework.GUI.commons.test.commonTest" name="@BeforeMethod setBrowserBeforeMethods" time="-1.596866486038E9">
    <skipped/>
  </testcase> <!-- @BeforeMethod setBrowserBeforeMethods -->
  <testcase classname="Framework.GUI.commons.test.commonTest" name="@BeforeMethod setupExtentReport" time="-1.596866486039E9">
    <skipped/>
  </testcase> <!-- @BeforeMethod setupExtentReport -->
  <testcase classname="TestScripts.WebHook" name="@BeforeMethod BeforeMethod" time="-1.596866486039E9">
    <skipped/>
  </testcase> <!-- @BeforeMethod BeforeMethod -->
  <testcase classname="Framework.GUI.commons.test.commonTest" name="@AfterMethod addLogsIntoExtentReport" time="-1.59686648604E9">
    <skipped/>
  </testcase> <!-- @AfterMethod addLogsIntoExtentReport -->
  <testcase classname="Framework.GUI.commons.test.commonTest" name="@AfterMethod getResult" time="-1.59686648604E9">
    <skipped/>
  </testcase> <!-- @AfterMethod getResult -->
  <testcase classname="Framework.GUI.commons.test.commonTest" name="@AfterMethod setScreenCaptureTrue" time="-1.59686648604E9">
    <skipped/>
  </testcase> <!-- @AfterMethod setScreenCaptureTrue -->
  <testcase classname="Framework.GUI.commons.test.commonTest" name="@BeforeMethod setBrowserBeforeMethods" time="-1.59686648604E9">
    <skipped/>
  </testcase> <!-- @BeforeMethod setBrowserBeforeMethods -->
  <testcase classname="Framework.GUI.commons.test.commonTest" name="@BeforeMethod setupExtentReport" time="-1.59686648604E9">
    <skipped/>
  </testcase> <!-- @BeforeMethod setupExtentReport -->
  <testcase classname="TestScripts.WebHook" name="@BeforeMethod BeforeMethod" time="-1.59686648604E9">
    <skipped/>
  </testcase> <!-- @BeforeMethod BeforeMethod -->
  <testcase classname="Framework.GUI.commons.test.commonTest" name="@AfterMethod addLogsIntoExtentReport" time="-1.596866486041E9">
    <skipped/>
  </testcase> <!-- @AfterMethod addLogsIntoExtentReport -->
  <testcase classname="Framework.GUI.commons.test.commonTest" name="@AfterMethod getResult" time="-1.596866486041E9">
    <skipped/>
  </testcase> <!-- @AfterMethod getResult -->
  <testcase classname="Framework.GUI.commons.test.commonTest" name="@AfterMethod setScreenCaptureTrue" time="-1.596866486041E9">
    <skipped/>
  </testcase> <!-- @AfterMethod setScreenCaptureTrue -->
  <testcase classname="Framework.GUI.commons.test.commonTest" name="@BeforeMethod setBrowserBeforeMethods" time="-1.596866486042E9">
    <skipped/>
  </testcase> <!-- @BeforeMethod setBrowserBeforeMethods -->
  <testcase classname="Framework.GUI.commons.test.commonTest" name="@BeforeMethod setupExtentReport" time="-1.596866486042E9">
    <skipped/>
  </testcase> <!-- @BeforeMethod setupExtentReport -->
  <testcase classname="TestScripts.WebHook" name="@BeforeMethod BeforeMethod" time="-1.596866486042E9">
    <skipped/>
  </testcase> <!-- @BeforeMethod BeforeMethod -->
  <testcase classname="Framework.GUI.commons.test.commonTest" name="@AfterMethod addLogsIntoExtentReport" time="-1.596866486043E9">
    <skipped/>
  </testcase> <!-- @AfterMethod addLogsIntoExtentReport -->
  <testcase classname="Framework.GUI.commons.test.commonTest" name="@AfterMethod getResult" time="-1.596866486043E9">
    <skipped/>
  </testcase> <!-- @AfterMethod getResult -->
  <testcase classname="Framework.GUI.commons.test.commonTest" name="@AfterMethod setScreenCaptureTrue" time="-1.596866486043E9">
    <skipped/>
  </testcase> <!-- @AfterMethod setScreenCaptureTrue -->
  <testcase classname="Framework.GUI.commons.test.commonTest" name="@BeforeMethod setBrowserBeforeMethods" time="-1.596866486043E9">
    <skipped/>
  </testcase> <!-- @BeforeMethod setBrowserBeforeMethods -->
  <testcase classname="Framework.GUI.commons.test.commonTest" name="@BeforeMethod setupExtentReport" time="-1.596866486043E9">
    <skipped/>
  </testcase> <!-- @BeforeMethod setupExtentReport -->
  <testcase classname="TestScripts.WebHook" name="@BeforeMethod BeforeMethod" time="-1.596866486044E9">
    <skipped/>
  </testcase> <!-- @BeforeMethod BeforeMethod -->
  <testcase classname="Framework.GUI.commons.test.commonTest" name="@AfterMethod addLogsIntoExtentReport" time="-1.596866486046E9">
    <skipped/>
  </testcase> <!-- @AfterMethod addLogsIntoExtentReport -->
  <testcase classname="Framework.GUI.commons.test.commonTest" name="@AfterMethod getResult" time="-1.596866486048E9">
    <skipped/>
  </testcase> <!-- @AfterMethod getResult -->
  <testcase classname="Framework.GUI.commons.test.commonTest" name="@AfterMethod setScreenCaptureTrue" time="-1.59686648605E9">
    <skipped/>
  </testcase> <!-- @AfterMethod setScreenCaptureTrue -->
  <testcase classname="Framework.GUI.commons.test.commonTest" name="@BeforeMethod setBrowserBeforeMethods" time="-1.596866486051E9">
    <skipped/>
  </testcase> <!-- @BeforeMethod setBrowserBeforeMethods -->
  <testcase classname="Framework.GUI.commons.test.commonTest" name="@BeforeMethod setupExtentReport" time="-1.596866486051E9">
    <skipped/>
  </testcase> <!-- @BeforeMethod setupExtentReport -->
  <testcase classname="TestScripts.WebHook" name="@BeforeMethod BeforeMethod" time="-1.596866486051E9">
    <skipped/>
  </testcase> <!-- @BeforeMethod BeforeMethod -->
  <testcase classname="Framework.GUI.commons.test.commonTest" name="@AfterMethod addLogsIntoExtentReport" time="-1.596866486057E9">
    <skipped/>
  </testcase> <!-- @AfterMethod addLogsIntoExtentReport -->
  <testcase classname="Framework.GUI.commons.test.commonTest" name="@AfterMethod getResult" time="-1.596866486057E9">
    <skipped/>
  </testcase> <!-- @AfterMethod getResult -->
  <testcase classname="Framework.GUI.commons.test.commonTest" name="@AfterMethod setScreenCaptureTrue" time="-1.596866486059E9">
    <skipped/>
  </testcase> <!-- @AfterMethod setScreenCaptureTrue -->
  <testcase classname="Framework.GUI.commons.test.commonTest" name="@BeforeMethod setBrowserBeforeMethods" time="-1.596866486059E9">
    <skipped/>
  </testcase> <!-- @BeforeMethod setBrowserBeforeMethods -->
  <testcase classname="Framework.GUI.commons.test.commonTest" name="@BeforeMethod setupExtentReport" time="-1.596866486059E9">
    <skipped/>
  </testcase> <!-- @BeforeMethod setupExtentReport -->
  <testcase classname="TestScripts.WebHook" name="@BeforeMethod BeforeMethod" time="-1.596866486059E9">
    <skipped/>
  </testcase> <!-- @BeforeMethod BeforeMethod -->
  <testcase classname="Framework.GUI.commons.test.commonTest" name="@AfterMethod addLogsIntoExtentReport" time="-1.596866486066E9">
    <skipped/>
  </testcase> <!-- @AfterMethod addLogsIntoExtentReport -->
  <testcase classname="Framework.GUI.commons.test.commonTest" name="@AfterMethod getResult" time="-1.596866486067E9">
    <skipped/>
  </testcase> <!-- @AfterMethod getResult -->
  <testcase classname="Framework.GUI.commons.test.commonTest" name="@AfterMethod setScreenCaptureTrue" time="-1.596866486067E9">
    <skipped/>
  </testcase> <!-- @AfterMethod setScreenCaptureTrue -->
  <testcase classname="Framework.GUI.commons.test.commonTest" name="@BeforeMethod setBrowserBeforeMethods" time="-1.596866486067E9">
    <skipped/>
  </testcase> <!-- @BeforeMethod setBrowserBeforeMethods -->
  <testcase classname="Framework.GUI.commons.test.commonTest" name="@BeforeMethod setupExtentReport" time="-1.596866486067E9">
    <skipped/>
  </testcase> <!-- @BeforeMethod setupExtentReport -->
  <testcase classname="TestScripts.WebHook" name="@BeforeMethod BeforeMethod" time="-1.596866486067E9">
    <skipped/>
  </testcase> <!-- @BeforeMethod BeforeMethod -->
  <testcase classname="Framework.GUI.commons.test.commonTest" name="@AfterMethod addLogsIntoExtentReport" time="-1.596866486068E9">
    <skipped/>
  </testcase> <!-- @AfterMethod addLogsIntoExtentReport -->
  <testcase classname="Framework.GUI.commons.test.commonTest" name="@AfterMethod getResult" time="-1.596866486068E9">
    <skipped/>
  </testcase> <!-- @AfterMethod getResult -->
  <testcase classname="Framework.GUI.commons.test.commonTest" name="@AfterMethod setScreenCaptureTrue" time="-1.596866486069E9">
    <skipped/>
  </testcase> <!-- @AfterMethod setScreenCaptureTrue -->
  <testcase classname="Framework.GUI.commons.test.commonTest" name="@BeforeMethod setBrowserBeforeMethods" time="-1.596866486069E9">
    <skipped/>
  </testcase> <!-- @BeforeMethod setBrowserBeforeMethods -->
  <testcase classname="Framework.GUI.commons.test.commonTest" name="@BeforeMethod setupExtentReport" time="-1.596866486069E9">
    <skipped/>
  </testcase> <!-- @BeforeMethod setupExtentReport -->
  <testcase classname="TestScripts.WebHook" name="@BeforeMethod BeforeMethod" time="-1.596866486069E9">
    <skipped/>
  </testcase> <!-- @BeforeMethod BeforeMethod -->
  <testcase classname="Framework.GUI.commons.test.commonTest" name="@AfterMethod addLogsIntoExtentReport" time="-1.59686648607E9">
    <skipped/>
  </testcase> <!-- @AfterMethod addLogsIntoExtentReport -->
  <testcase classname="Framework.GUI.commons.test.commonTest" name="@AfterMethod getResult" time="-1.59686648607E9">
    <skipped/>
  </testcase> <!-- @AfterMethod getResult -->
  <testcase classname="Framework.GUI.commons.test.commonTest" name="@AfterMethod setScreenCaptureTrue" time="-1.596866486071E9">
    <skipped/>
  </testcase> <!-- @AfterMethod setScreenCaptureTrue -->
  <testcase classname="Framework.GUI.commons.test.commonTest" name="@BeforeMethod setBrowserBeforeMethods" time="-1.596866486073E9">
    <skipped/>
  </testcase> <!-- @BeforeMethod setBrowserBeforeMethods -->
  <testcase classname="Framework.GUI.commons.test.commonTest" name="@BeforeMethod setupExtentReport" time="-1.596866486073E9">
    <skipped/>
  </testcase> <!-- @BeforeMethod setupExtentReport -->
  <testcase classname="TestScripts.WebHook" name="@BeforeMethod BeforeMethod" time="-1.596866486073E9">
    <skipped/>
  </testcase> <!-- @BeforeMethod BeforeMethod -->
  <testcase classname="Framework.GUI.commons.test.commonTest" name="@AfterMethod addLogsIntoExtentReport" time="-1.596866486074E9">
    <skipped/>
  </testcase> <!-- @AfterMethod addLogsIntoExtentReport -->
  <testcase classname="Framework.GUI.commons.test.commonTest" name="@AfterMethod getResult" time="-1.596866486075E9">
    <skipped/>
  </testcase> <!-- @AfterMethod getResult -->
  <testcase classname="Framework.GUI.commons.test.commonTest" name="@AfterMethod setScreenCaptureTrue" time="-1.596866486075E9">
    <skipped/>
  </testcase> <!-- @AfterMethod setScreenCaptureTrue -->
  <testcase classname="Framework.GUI.commons.test.commonTest" name="@BeforeMethod setupExtentReport" time="0.01">
    <failure type="org.openqa.selenium.NoSuchWindowException" message="no such window: target window already closed
from unknown error: web view not found
  (Session info: chrome=79.0.3945.117)
Build info: version: &amp;apos;3.6.0&amp;apos;, revision: &amp;apos;6fbf3ec767&amp;apos;, time: &amp;apos;2017-09-27T15:28:36.4Z&amp;apos;
System info: host: &amp;apos;jishnu.kapoor&amp;apos;, ip: &amp;apos;127.0.1.1&amp;apos;, os.name: &amp;apos;Linux&amp;apos;, os.arch: &amp;apos;amd64&amp;apos;, os.version: &amp;apos;5.0.0-32-generic&amp;apos;, java.version: &amp;apos;11.0.4&amp;apos;
Driver info: org.openqa.selenium.chrome.ChromeDriver
Capabilities [{networkConnectionEnabled=false, chrome={chromedriverVersion=79.0.3945.36 (3582db32b33893869b8c1339e8f4d9ed1816f143-refs/branch-heads/3945@{#614}), userDataDir=/tmp/.com.google.Chrome.JVMgIB}, timeouts={implicit=0, pageLoad=300000, script=30000}, pageLoadStrategy=normal, unhandledPromptBehavior=dismiss and notify, strictFileInteractability=false, platform=LINUX, proxy=Proxy(), goog:chromeOptions={debuggerAddress=localhost:40585}, acceptInsecureCerts=false, browserVersion=79.0.3945.117, browserName=chrome, javascriptEnabled=true, platformName=LINUX, setWindowRect=true}]
Session ID: f2af72883ac50f2aa976a765fd73211b">
      <![CDATA[org.openqa.selenium.NoSuchWindowException: no such window: target window already closed
from unknown error: web view not found
  (Session info: chrome=79.0.3945.117)
Build info: version: '3.6.0', revision: '6fbf3ec767', time: '2017-09-27T15:28:36.4Z'
System info: host: 'jishnu.kapoor', ip: '127.0.1.1', os.name: 'Linux', os.arch: 'amd64', os.version: '5.0.0-32-generic', java.version: '11.0.4'
Driver info: org.openqa.selenium.chrome.ChromeDriver
Capabilities [{networkConnectionEnabled=false, chrome={chromedriverVersion=79.0.3945.36 (3582db32b33893869b8c1339e8f4d9ed1816f143-refs/branch-heads/3945@{#614}), userDataDir=/tmp/.com.google.Chrome.JVMgIB}, timeouts={implicit=0, pageLoad=300000, script=30000}, pageLoadStrategy=normal, unhandledPromptBehavior=dismiss and notify, strictFileInteractability=false, platform=LINUX, proxy=Proxy(), goog:chromeOptions={debuggerAddress=localhost:40585}, acceptInsecureCerts=false, browserVersion=79.0.3945.117, browserName=chrome, javascriptEnabled=true, platformName=LINUX, setWindowRect=true}]
Session ID: f2af72883ac50f2aa976a765fd73211b
at org.openqa.selenium.remote.http.W3CHttpResponseCodec.createException(W3CHttpResponseCodec.java:185)
at org.openqa.selenium.remote.http.W3CHttpResponseCodec.decode(W3CHttpResponseCodec.java:120)
at org.openqa.selenium.remote.http.W3CHttpResponseCodec.decode(W3CHttpResponseCodec.java:49)
at org.openqa.selenium.remote.HttpCommandExecutor.execute(HttpCommandExecutor.java:164)
at org.openqa.selenium.remote.service.DriverCommandExecutor.execute(DriverCommandExecutor.java:83)
at org.openqa.selenium.remote.RemoteWebDriver.execute(RemoteWebDriver.java:586)
at org.openqa.selenium.remote.RemoteWebDriver.get(RemoteWebDriver.java:310)
at Framework.GUI.commons.test.commonTest.setupExtentReport(commonTest.java:81)
at java.base/java.util.ArrayList.forEach(ArrayList.java:1540)
... Removed 35 stack frames]]>
    </failure>
  </testcase> <!-- @BeforeMethod setupExtentReport -->
  <testcase classname="TestScripts.ImportExport" name="@BeforeMethod BeforeMethod" time="-1.596866486093E9">
    <skipped/>
  </testcase> <!-- @BeforeMethod BeforeMethod -->
  <testcase classname="Framework.GUI.commons.test.commonTest" name="@AfterMethod addLogsIntoExtentReport" time="-1.596866486097E9">
    <skipped/>
  </testcase> <!-- @AfterMethod addLogsIntoExtentReport -->
  <testcase classname="Framework.GUI.commons.test.commonTest" name="@AfterMethod getResult" time="-1.596866486099E9">
    <skipped/>
  </testcase> <!-- @AfterMethod getResult -->
  <testcase classname="Framework.GUI.commons.test.commonTest" name="@AfterMethod setScreenCaptureTrue" time="-1.596866486099E9">
    <skipped/>
  </testcase> <!-- @AfterMethod setScreenCaptureTrue -->
  <testcase classname="Framework.GUI.commons.test.commonTest" name="@BeforeMethod setBrowserBeforeMethods" time="-1.596866486099E9">
    <skipped/>
  </testcase> <!-- @BeforeMethod setBrowserBeforeMethods -->
  <testcase classname="Framework.GUI.commons.test.commonTest" name="@BeforeMethod setupExtentReport" time="-1.5968664861E9">
    <skipped/>
  </testcase> <!-- @BeforeMethod setupExtentReport -->
  <testcase classname="TestScripts.ImportExport" name="@BeforeMethod BeforeMethod" time="-1.5968664861E9">
    <skipped/>
  </testcase> <!-- @BeforeMethod BeforeMethod -->
  <testcase classname="Framework.GUI.commons.test.commonTest" name="@AfterMethod addLogsIntoExtentReport" time="-1.596866486109E9">
    <skipped/>
  </testcase> <!-- @AfterMethod addLogsIntoExtentReport -->
  <testcase classname="Framework.GUI.commons.test.commonTest" name="@AfterMethod getResult" time="-1.596866486109E9">
    <skipped/>
  </testcase> <!-- @AfterMethod getResult -->
  <testcase classname="Framework.GUI.commons.test.commonTest" name="@AfterMethod setScreenCaptureTrue" time="-1.59686648611E9">
    <skipped/>
  </testcase> <!-- @AfterMethod setScreenCaptureTrue -->
  <testcase classname="Framework.GUI.commons.test.commonTest" name="@BeforeMethod setBrowserBeforeMethods" time="-1.59686648611E9">
    <skipped/>
  </testcase> <!-- @BeforeMethod setBrowserBeforeMethods -->
  <testcase classname="Framework.GUI.commons.test.commonTest" name="@BeforeMethod setupExtentReport" time="-1.59686648611E9">
    <skipped/>
  </testcase> <!-- @BeforeMethod setupExtentReport -->
  <testcase classname="TestScripts.ImportExport" name="@BeforeMethod BeforeMethod" time="-1.59686648611E9">
    <skipped/>
  </testcase> <!-- @BeforeMethod BeforeMethod -->
  <testcase classname="Framework.GUI.commons.test.commonTest" name="@AfterMethod addLogsIntoExtentReport" time="-1.596866486112E9">
    <skipped/>
  </testcase> <!-- @AfterMethod addLogsIntoExtentReport -->
  <testcase classname="Framework.GUI.commons.test.commonTest" name="@AfterMethod getResult" time="-1.596866486113E9">
    <skipped/>
  </testcase> <!-- @AfterMethod getResult -->
  <testcase classname="Framework.GUI.commons.test.commonTest" name="@AfterMethod setScreenCaptureTrue" time="-1.596866486113E9">
    <skipped/>
  </testcase> <!-- @AfterMethod setScreenCaptureTrue -->
  <testcase classname="Framework.GUI.commons.test.commonTest" name="@BeforeMethod setBrowserBeforeMethods" time="-1.596866486113E9">
    <skipped/>
  </testcase> <!-- @BeforeMethod setBrowserBeforeMethods -->
  <testcase classname="Framework.GUI.commons.test.commonTest" name="@BeforeMethod setupExtentReport" time="-1.596866486114E9">
    <skipped/>
  </testcase> <!-- @BeforeMethod setupExtentReport -->
  <testcase classname="TestScripts.ImportExport" name="@BeforeMethod BeforeMethod" time="-1.596866486115E9">
    <skipped/>
  </testcase> <!-- @BeforeMethod BeforeMethod -->
  <testcase classname="Framework.GUI.commons.test.commonTest" name="@AfterMethod addLogsIntoExtentReport" time="-1.596866486117E9">
    <skipped/>
  </testcase> <!-- @AfterMethod addLogsIntoExtentReport -->
  <testcase classname="Framework.GUI.commons.test.commonTest" name="@AfterMethod getResult" time="-1.596866486117E9">
    <skipped/>
  </testcase> <!-- @AfterMethod getResult -->
  <testcase classname="Framework.GUI.commons.test.commonTest" name="@AfterMethod setScreenCaptureTrue" time="-1.596866486118E9">
    <skipped/>
  </testcase> <!-- @AfterMethod setScreenCaptureTrue -->
  <testcase classname="Framework.GUI.commons.test.commonTest" name="@BeforeMethod setBrowserBeforeMethods" time="-1.596866486118E9">
    <skipped/>
  </testcase> <!-- @BeforeMethod setBrowserBeforeMethods -->
  <testcase classname="Framework.GUI.commons.test.commonTest" name="@BeforeMethod setupExtentReport" time="-1.596866486118E9">
    <skipped/>
  </testcase> <!-- @BeforeMethod setupExtentReport -->
  <testcase classname="TestScripts.ImportExport" name="@BeforeMethod BeforeMethod" time="-1.596866486118E9">
    <skipped/>
  </testcase> <!-- @BeforeMethod BeforeMethod -->
  <testcase classname="Framework.GUI.commons.test.commonTest" name="@AfterMethod addLogsIntoExtentReport" time="-1.596866486121E9">
    <skipped/>
  </testcase> <!-- @AfterMethod addLogsIntoExtentReport -->
  <testcase classname="Framework.GUI.commons.test.commonTest" name="@AfterMethod getResult" time="-1.596866486122E9">
    <skipped/>
  </testcase> <!-- @AfterMethod getResult -->
  <testcase classname="Framework.GUI.commons.test.commonTest" name="@AfterMethod setScreenCaptureTrue" time="-1.596866486128E9">
    <skipped/>
  </testcase> <!-- @AfterMethod setScreenCaptureTrue -->
  <testcase classname="Framework.GUI.commons.test.commonTest" name="@BeforeMethod setBrowserBeforeMethods" time="-1.596866486129E9">
    <skipped/>
  </testcase> <!-- @BeforeMethod setBrowserBeforeMethods -->
  <testcase classname="Framework.GUI.commons.test.commonTest" name="@BeforeMethod setupExtentReport" time="-1.596866486129E9">
    <skipped/>
  </testcase> <!-- @BeforeMethod setupExtentReport -->
  <testcase classname="TestScripts.ImportExport" name="@BeforeMethod BeforeMethod" time="-1.596866486129E9">
    <skipped/>
  </testcase> <!-- @BeforeMethod BeforeMethod -->
  <testcase classname="Framework.GUI.commons.test.commonTest" name="@AfterMethod addLogsIntoExtentReport" time="-1.59686648613E9">
    <skipped/>
  </testcase> <!-- @AfterMethod addLogsIntoExtentReport -->
  <testcase classname="Framework.GUI.commons.test.commonTest" name="@AfterMethod getResult" time="-1.59686648613E9">
    <skipped/>
  </testcase> <!-- @AfterMethod getResult -->
  <testcase classname="Framework.GUI.commons.test.commonTest" name="@AfterMethod setScreenCaptureTrue" time="-1.596866486132E9">
    <skipped/>
  </testcase> <!-- @AfterMethod setScreenCaptureTrue -->
  <testcase classname="Framework.GUI.commons.test.commonTest" name="@BeforeMethod setBrowserBeforeMethods" time="-1.596866486133E9">
    <skipped/>
  </testcase> <!-- @BeforeMethod setBrowserBeforeMethods -->
  <testcase classname="Framework.GUI.commons.test.commonTest" name="@BeforeMethod setupExtentReport" time="-1.596866486133E9">
    <skipped/>
  </testcase> <!-- @BeforeMethod setupExtentReport -->
  <testcase classname="TestScripts.ImportExport" name="@BeforeMethod BeforeMethod" time="-1.596866486133E9">
    <skipped/>
  </testcase> <!-- @BeforeMethod BeforeMethod -->
  <testcase classname="Framework.GUI.commons.test.commonTest" name="@AfterMethod addLogsIntoExtentReport" time="-1.596866486135E9">
    <skipped/>
  </testcase> <!-- @AfterMethod addLogsIntoExtentReport -->
  <testcase classname="Framework.GUI.commons.test.commonTest" name="@AfterMethod getResult" time="-1.596866486135E9">
    <skipped/>
  </testcase> <!-- @AfterMethod getResult -->
  <testcase classname="Framework.GUI.commons.test.commonTest" name="@AfterMethod setScreenCaptureTrue" time="-1.596866486143E9">
    <skipped/>
  </testcase> <!-- @AfterMethod setScreenCaptureTrue -->
  <testcase classname="Framework.GUI.commons.test.commonTest" name="@BeforeMethod setBrowserBeforeMethods" time="-1.596866486143E9">
    <skipped/>
  </testcase> <!-- @BeforeMethod setBrowserBeforeMethods -->
  <testcase classname="Framework.GUI.commons.test.commonTest" name="@BeforeMethod setupExtentReport" time="-1.596866486143E9">
    <skipped/>
  </testcase> <!-- @BeforeMethod setupExtentReport -->
  <testcase classname="TestScripts.ImportExport" name="@BeforeMethod BeforeMethod" time="-1.596866486144E9">
    <skipped/>
  </testcase> <!-- @BeforeMethod BeforeMethod -->
  <testcase classname="Framework.GUI.commons.test.commonTest" name="@AfterMethod addLogsIntoExtentReport" time="-1.596866486144E9">
    <skipped/>
  </testcase> <!-- @AfterMethod addLogsIntoExtentReport -->
  <testcase classname="Framework.GUI.commons.test.commonTest" name="@AfterMethod getResult" time="-1.596866486145E9">
    <skipped/>
  </testcase> <!-- @AfterMethod getResult -->
  <testcase classname="Framework.GUI.commons.test.commonTest" name="@AfterMethod setScreenCaptureTrue" time="-1.596866486145E9">
    <skipped/>
  </testcase> <!-- @AfterMethod setScreenCaptureTrue -->
  <testcase classname="Framework.GUI.commons.test.commonTest" name="@BeforeMethod setBrowserBeforeMethods" time="-1.596866486145E9">
    <skipped/>
  </testcase> <!-- @BeforeMethod setBrowserBeforeMethods -->
  <testcase classname="Framework.GUI.commons.test.commonTest" name="@BeforeMethod setupExtentReport" time="-1.596866486145E9">
    <skipped/>
  </testcase> <!-- @BeforeMethod setupExtentReport -->
  <testcase classname="TestScripts.ImportExport" name="@BeforeMethod BeforeMethod" time="-1.596866486145E9">
    <skipped/>
  </testcase> <!-- @BeforeMethod BeforeMethod -->
  <testcase classname="Framework.GUI.commons.test.commonTest" name="@AfterMethod addLogsIntoExtentReport" time="-1.596866486146E9">
    <skipped/>
  </testcase> <!-- @AfterMethod addLogsIntoExtentReport -->
  <testcase classname="Framework.GUI.commons.test.commonTest" name="@AfterMethod getResult" time="-1.596866486146E9">
    <skipped/>
  </testcase> <!-- @AfterMethod getResult -->
  <testcase classname="Framework.GUI.commons.test.commonTest" name="@AfterMethod setScreenCaptureTrue" time="-1.596866486146E9">
    <skipped/>
  </testcase> <!-- @AfterMethod setScreenCaptureTrue -->
  <testcase classname="Framework.GUI.commons.test.commonTest" name="@BeforeMethod setBrowserBeforeMethods" time="-1.596866486146E9">
    <skipped/>
  </testcase> <!-- @BeforeMethod setBrowserBeforeMethods -->
  <testcase classname="Framework.GUI.commons.test.commonTest" name="@BeforeMethod setupExtentReport" time="-1.596866486146E9">
    <skipped/>
  </testcase> <!-- @BeforeMethod setupExtentReport -->
  <testcase classname="TestScripts.ImportExport" name="@BeforeMethod BeforeMethod" time="-1.596866486147E9">
    <skipped/>
  </testcase> <!-- @BeforeMethod BeforeMethod -->
  <testcase classname="Framework.GUI.commons.test.commonTest" name="@AfterMethod addLogsIntoExtentReport" time="-1.596866486147E9">
    <skipped/>
  </testcase> <!-- @AfterMethod addLogsIntoExtentReport -->
  <testcase classname="Framework.GUI.commons.test.commonTest" name="@AfterMethod getResult" time="-1.596866486147E9">
    <skipped/>
  </testcase> <!-- @AfterMethod getResult -->
  <testcase classname="Framework.GUI.commons.test.commonTest" name="@AfterMethod setScreenCaptureTrue" time="-1.596866486148E9">
    <skipped/>
  </testcase> <!-- @AfterMethod setScreenCaptureTrue -->
  <testcase classname="Framework.GUI.commons.test.commonTest" name="@BeforeMethod setupExtentReport" time="0.011">
    <failure type="org.openqa.selenium.NoSuchWindowException" message="no such window: target window already closed
from unknown error: web view not found
  (Session info: chrome=79.0.3945.117)
Build info: version: &amp;apos;3.6.0&amp;apos;, revision: &amp;apos;6fbf3ec767&amp;apos;, time: &amp;apos;2017-09-27T15:28:36.4Z&amp;apos;
System info: host: &amp;apos;jishnu.kapoor&amp;apos;, ip: &amp;apos;127.0.1.1&amp;apos;, os.name: &amp;apos;Linux&amp;apos;, os.arch: &amp;apos;amd64&amp;apos;, os.version: &amp;apos;5.0.0-32-generic&amp;apos;, java.version: &amp;apos;11.0.4&amp;apos;
Driver info: org.openqa.selenium.chrome.ChromeDriver
Capabilities [{networkConnectionEnabled=false, chrome={chromedriverVersion=79.0.3945.36 (3582db32b33893869b8c1339e8f4d9ed1816f143-refs/branch-heads/3945@{#614}), userDataDir=/tmp/.com.google.Chrome.JVMgIB}, timeouts={implicit=0, pageLoad=300000, script=30000}, pageLoadStrategy=normal, unhandledPromptBehavior=dismiss and notify, strictFileInteractability=false, platform=LINUX, proxy=Proxy(), goog:chromeOptions={debuggerAddress=localhost:40585}, acceptInsecureCerts=false, browserVersion=79.0.3945.117, browserName=chrome, javascriptEnabled=true, platformName=LINUX, setWindowRect=true}]
Session ID: f2af72883ac50f2aa976a765fd73211b">
      <![CDATA[org.openqa.selenium.NoSuchWindowException: no such window: target window already closed
from unknown error: web view not found
  (Session info: chrome=79.0.3945.117)
Build info: version: '3.6.0', revision: '6fbf3ec767', time: '2017-09-27T15:28:36.4Z'
System info: host: 'jishnu.kapoor', ip: '127.0.1.1', os.name: 'Linux', os.arch: 'amd64', os.version: '5.0.0-32-generic', java.version: '11.0.4'
Driver info: org.openqa.selenium.chrome.ChromeDriver
Capabilities [{networkConnectionEnabled=false, chrome={chromedriverVersion=79.0.3945.36 (3582db32b33893869b8c1339e8f4d9ed1816f143-refs/branch-heads/3945@{#614}), userDataDir=/tmp/.com.google.Chrome.JVMgIB}, timeouts={implicit=0, pageLoad=300000, script=30000}, pageLoadStrategy=normal, unhandledPromptBehavior=dismiss and notify, strictFileInteractability=false, platform=LINUX, proxy=Proxy(), goog:chromeOptions={debuggerAddress=localhost:40585}, acceptInsecureCerts=false, browserVersion=79.0.3945.117, browserName=chrome, javascriptEnabled=true, platformName=LINUX, setWindowRect=true}]
Session ID: f2af72883ac50f2aa976a765fd73211b
at org.openqa.selenium.remote.http.W3CHttpResponseCodec.createException(W3CHttpResponseCodec.java:185)
at org.openqa.selenium.remote.http.W3CHttpResponseCodec.decode(W3CHttpResponseCodec.java:120)
at org.openqa.selenium.remote.http.W3CHttpResponseCodec.decode(W3CHttpResponseCodec.java:49)
at org.openqa.selenium.remote.HttpCommandExecutor.execute(HttpCommandExecutor.java:164)
at org.openqa.selenium.remote.service.DriverCommandExecutor.execute(DriverCommandExecutor.java:83)
at org.openqa.selenium.remote.RemoteWebDriver.execute(RemoteWebDriver.java:586)
at org.openqa.selenium.remote.RemoteWebDriver.get(RemoteWebDriver.java:310)
at Framework.GUI.commons.test.commonTest.setupExtentReport(commonTest.java:81)
at java.base/java.util.ArrayList.forEach(ArrayList.java:1540)
... Removed 35 stack frames]]>
    </failure>
  </testcase> <!-- @BeforeMethod setupExtentReport -->
  <testcase classname="TestScripts.PricingPlan" name="@BeforeMethod BeforeMethod" time="-1.59686648616E9">
    <skipped/>
  </testcase> <!-- @BeforeMethod BeforeMethod -->
  <testcase classname="Framework.GUI.commons.test.commonTest" name="@AfterMethod addLogsIntoExtentReport" time="-1.596866486162E9">
    <skipped/>
  </testcase> <!-- @AfterMethod addLogsIntoExtentReport -->
  <testcase classname="Framework.GUI.commons.test.commonTest" name="@AfterMethod getResult" time="-1.596866486162E9">
    <skipped/>
  </testcase> <!-- @AfterMethod getResult -->
  <testcase classname="Framework.GUI.commons.test.commonTest" name="@AfterMethod setScreenCaptureTrue" time="-1.596866486162E9">
    <skipped/>
  </testcase> <!-- @AfterMethod setScreenCaptureTrue -->
  <testcase classname="Framework.GUI.commons.test.commonTest" name="@BeforeMethod setBrowserBeforeMethods" time="-1.596866486163E9">
    <skipped/>
  </testcase> <!-- @BeforeMethod setBrowserBeforeMethods -->
  <testcase classname="Framework.GUI.commons.test.commonTest" name="@BeforeMethod setupExtentReport" time="-1.596866486163E9">
    <skipped/>
  </testcase> <!-- @BeforeMethod setupExtentReport -->
  <testcase classname="TestScripts.PricingPlan" name="@BeforeMethod BeforeMethod" time="-1.596866486163E9">
    <skipped/>
  </testcase> <!-- @BeforeMethod BeforeMethod -->
  <testcase classname="Framework.GUI.commons.test.commonTest" name="@AfterMethod addLogsIntoExtentReport" time="-1.596866486171E9">
    <skipped/>
  </testcase> <!-- @AfterMethod addLogsIntoExtentReport -->
  <testcase classname="Framework.GUI.commons.test.commonTest" name="@AfterMethod getResult" time="-1.596866486171E9">
    <skipped/>
  </testcase> <!-- @AfterMethod getResult -->
  <testcase classname="Framework.GUI.commons.test.commonTest" name="@AfterMethod setScreenCaptureTrue" time="-1.596866486171E9">
    <skipped/>
  </testcase> <!-- @AfterMethod setScreenCaptureTrue -->
  <testcase classname="Framework.GUI.commons.test.commonTest" name="@BeforeMethod setBrowserBeforeMethods" time="-1.596866486171E9">
    <skipped/>
  </testcase> <!-- @BeforeMethod setBrowserBeforeMethods -->
  <testcase classname="Framework.GUI.commons.test.commonTest" name="@BeforeMethod setupExtentReport" time="-1.596866486172E9">
    <skipped/>
  </testcase> <!-- @BeforeMethod setupExtentReport -->
  <testcase classname="TestScripts.PricingPlan" name="@BeforeMethod BeforeMethod" time="-1.596866486172E9">
    <skipped/>
  </testcase> <!-- @BeforeMethod BeforeMethod -->
  <testcase classname="Framework.GUI.commons.test.commonTest" name="@AfterMethod addLogsIntoExtentReport" time="-1.596866486179E9">
    <skipped/>
  </testcase> <!-- @AfterMethod addLogsIntoExtentReport -->
  <testcase classname="Framework.GUI.commons.test.commonTest" name="@AfterMethod getResult" time="-1.596866486179E9">
    <skipped/>
  </testcase> <!-- @AfterMethod getResult -->
  <testcase classname="Framework.GUI.commons.test.commonTest" name="@AfterMethod setScreenCaptureTrue" time="-1.596866486179E9">
    <skipped/>
  </testcase> <!-- @AfterMethod setScreenCaptureTrue -->
  <testcase classname="Framework.GUI.commons.test.commonTest" name="@BeforeMethod setBrowserBeforeMethods" time="-1.596866486179E9">
    <skipped/>
  </testcase> <!-- @BeforeMethod setBrowserBeforeMethods -->
  <testcase classname="Framework.GUI.commons.test.commonTest" name="@BeforeMethod setupExtentReport" time="-1.596866486179E9">
    <skipped/>
  </testcase> <!-- @BeforeMethod setupExtentReport -->
  <testcase classname="TestScripts.PricingPlan" name="@BeforeMethod BeforeMethod" time="-1.596866486179E9">
    <skipped/>
  </testcase> <!-- @BeforeMethod BeforeMethod -->
  <testcase classname="Framework.GUI.commons.test.commonTest" name="@AfterMethod addLogsIntoExtentReport" time="-1.59686648618E9">
    <skipped/>
  </testcase> <!-- @AfterMethod addLogsIntoExtentReport -->
  <testcase classname="Framework.GUI.commons.test.commonTest" name="@AfterMethod getResult" time="-1.596866486181E9">
    <skipped/>
  </testcase> <!-- @AfterMethod getResult -->
  <testcase classname="Framework.GUI.commons.test.commonTest" name="@AfterMethod setScreenCaptureTrue" time="-1.596866486181E9">
    <skipped/>
  </testcase> <!-- @AfterMethod setScreenCaptureTrue -->
  <testcase classname="Framework.GUI.commons.test.commonTest" name="@BeforeMethod setBrowserBeforeMethods" time="-1.596866486181E9">
    <skipped/>
  </testcase> <!-- @BeforeMethod setBrowserBeforeMethods -->
  <testcase classname="Framework.GUI.commons.test.commonTest" name="@BeforeMethod setupExtentReport" time="-1.596866486181E9">
    <skipped/>
  </testcase> <!-- @BeforeMethod setupExtentReport -->
  <testcase classname="TestScripts.PricingPlan" name="@BeforeMethod BeforeMethod" time="-1.596866486181E9">
    <skipped/>
  </testcase> <!-- @BeforeMethod BeforeMethod -->
  <testcase classname="Framework.GUI.commons.test.commonTest" name="@AfterMethod addLogsIntoExtentReport" time="-1.596866486182E9">
    <skipped/>
  </testcase> <!-- @AfterMethod addLogsIntoExtentReport -->
  <testcase classname="Framework.GUI.commons.test.commonTest" name="@AfterMethod getResult" time="-1.596866486182E9">
    <skipped/>
  </testcase> <!-- @AfterMethod getResult -->
  <testcase classname="Framework.GUI.commons.test.commonTest" name="@AfterMethod setScreenCaptureTrue" time="-1.596866486182E9">
    <skipped/>
  </testcase> <!-- @AfterMethod setScreenCaptureTrue -->
  <testcase classname="Framework.GUI.commons.test.commonTest" name="@BeforeMethod setBrowserBeforeMethods" time="-1.596866486183E9">
    <skipped/>
  </testcase> <!-- @BeforeMethod setBrowserBeforeMethods -->
  <testcase classname="Framework.GUI.commons.test.commonTest" name="@BeforeMethod setupExtentReport" time="-1.596866486183E9">
    <skipped/>
  </testcase> <!-- @BeforeMethod setupExtentReport -->
  <testcase classname="TestScripts.PricingPlan" name="@BeforeMethod BeforeMethod" time="-1.596866486183E9">
    <skipped/>
  </testcase> <!-- @BeforeMethod BeforeMethod -->
  <testcase classname="Framework.GUI.commons.test.commonTest" name="@AfterMethod addLogsIntoExtentReport" time="-1.596866486189E9">
    <skipped/>
  </testcase> <!-- @AfterMethod addLogsIntoExtentReport -->
  <testcase classname="Framework.GUI.commons.test.commonTest" name="@AfterMethod getResult" time="-1.596866486189E9">
    <skipped/>
  </testcase> <!-- @AfterMethod getResult -->
  <testcase classname="Framework.GUI.commons.test.commonTest" name="@AfterMethod setScreenCaptureTrue" time="-1.596866486189E9">
    <skipped/>
  </testcase> <!-- @AfterMethod setScreenCaptureTrue -->
  <testcase classname="Framework.GUI.commons.test.commonTest" name="@BeforeMethod setupExtentReport" time="0.016">
    <failure type="org.openqa.selenium.NoSuchWindowException" message="no such window: target window already closed
from unknown error: web view not found
  (Session info: chrome=79.0.3945.117)
Build info: version: &amp;apos;3.6.0&amp;apos;, revision: &amp;apos;6fbf3ec767&amp;apos;, time: &amp;apos;2017-09-27T15:28:36.4Z&amp;apos;
System info: host: &amp;apos;jishnu.kapoor&amp;apos;, ip: &amp;apos;127.0.1.1&amp;apos;, os.name: &amp;apos;Linux&amp;apos;, os.arch: &amp;apos;amd64&amp;apos;, os.version: &amp;apos;5.0.0-32-generic&amp;apos;, java.version: &amp;apos;11.0.4&amp;apos;
Driver info: org.openqa.selenium.chrome.ChromeDriver
Capabilities [{networkConnectionEnabled=false, chrome={chromedriverVersion=79.0.3945.36 (3582db32b33893869b8c1339e8f4d9ed1816f143-refs/branch-heads/3945@{#614}), userDataDir=/tmp/.com.google.Chrome.JVMgIB}, timeouts={implicit=0, pageLoad=300000, script=30000}, pageLoadStrategy=normal, unhandledPromptBehavior=dismiss and notify, strictFileInteractability=false, platform=LINUX, proxy=Proxy(), goog:chromeOptions={debuggerAddress=localhost:40585}, acceptInsecureCerts=false, browserVersion=79.0.3945.117, browserName=chrome, javascriptEnabled=true, platformName=LINUX, setWindowRect=true}]
Session ID: f2af72883ac50f2aa976a765fd73211b">
      <![CDATA[org.openqa.selenium.NoSuchWindowException: no such window: target window already closed
from unknown error: web view not found
  (Session info: chrome=79.0.3945.117)
Build info: version: '3.6.0', revision: '6fbf3ec767', time: '2017-09-27T15:28:36.4Z'
System info: host: 'jishnu.kapoor', ip: '127.0.1.1', os.name: 'Linux', os.arch: 'amd64', os.version: '5.0.0-32-generic', java.version: '11.0.4'
Driver info: org.openqa.selenium.chrome.ChromeDriver
Capabilities [{networkConnectionEnabled=false, chrome={chromedriverVersion=79.0.3945.36 (3582db32b33893869b8c1339e8f4d9ed1816f143-refs/branch-heads/3945@{#614}), userDataDir=/tmp/.com.google.Chrome.JVMgIB}, timeouts={implicit=0, pageLoad=300000, script=30000}, pageLoadStrategy=normal, unhandledPromptBehavior=dismiss and notify, strictFileInteractability=false, platform=LINUX, proxy=Proxy(), goog:chromeOptions={debuggerAddress=localhost:40585}, acceptInsecureCerts=false, browserVersion=79.0.3945.117, browserName=chrome, javascriptEnabled=true, platformName=LINUX, setWindowRect=true}]
Session ID: f2af72883ac50f2aa976a765fd73211b
at org.openqa.selenium.remote.http.W3CHttpResponseCodec.createException(W3CHttpResponseCodec.java:185)
at org.openqa.selenium.remote.http.W3CHttpResponseCodec.decode(W3CHttpResponseCodec.java:120)
at org.openqa.selenium.remote.http.W3CHttpResponseCodec.decode(W3CHttpResponseCodec.java:49)
at org.openqa.selenium.remote.HttpCommandExecutor.execute(HttpCommandExecutor.java:164)
at org.openqa.selenium.remote.service.DriverCommandExecutor.execute(DriverCommandExecutor.java:83)
at org.openqa.selenium.remote.RemoteWebDriver.execute(RemoteWebDriver.java:586)
at org.openqa.selenium.remote.RemoteWebDriver.get(RemoteWebDriver.java:310)
at Framework.GUI.commons.test.commonTest.setupExtentReport(commonTest.java:81)
at java.base/java.util.ArrayList.forEach(ArrayList.java:1540)
... Removed 35 stack frames]]>
    </failure>
  </testcase> <!-- @BeforeMethod setupExtentReport -->
  <testcase classname="TestScripts.FailedOrders" name="@BeforeMethod LoggingInShopify" time="-1.596866486217E9">
    <skipped/>
  </testcase> <!-- @BeforeMethod LoggingInShopify -->
  <testcase classname="Framework.GUI.commons.test.commonTest" name="@AfterMethod addLogsIntoExtentReport" time="-1.59686648622E9">
    <skipped/>
  </testcase> <!-- @AfterMethod addLogsIntoExtentReport -->
  <testcase classname="Framework.GUI.commons.test.commonTest" name="@AfterMethod getResult" time="-1.59686648622E9">
    <skipped/>
  </testcase> <!-- @AfterMethod getResult -->
  <testcase classname="Framework.GUI.commons.test.commonTest" name="@AfterMethod setScreenCaptureTrue" time="-1.59686648622E9">
    <skipped/>
  </testcase> <!-- @AfterMethod setScreenCaptureTrue -->
  <testcase classname="TestScripts.ManageProducts" name="verifyingSyncwithShopify" time="0.0">
    <skipped/>
  </testcase> <!-- verifyingSyncwithShopify -->
  <testcase classname="TestScripts.DashBoard" name="clickingAllOptions" time="0.0">
    <skipped/>
  </testcase> <!-- clickingAllOptions -->
  <testcase classname="TestScripts.DashBoard" name="clickingAllLinks" time="0.0">
    <skipped/>
  </testcase> <!-- clickingAllLinks -->
  <testcase classname="TestScripts.WebHook" name="verifyingIfSyncDisableThenVariantNotUpdating" time="0.001">
    <failure type="org.testng.internal.reflect.MethodMatcherException" message="
[public void TestScripts.WebHook.verifyingIfSyncDisableThenVariantNotUpdating() throws java.lang.InterruptedException] has no parameters defined but was found to be using a data provider (either explicitly specified or inherited from class level annotation).
Data provider mismatch
Method: verifyingIfSyncDisableThenVariantNotUpdating([])
Arguments: [(java.lang.String) pants,(java.lang.String) title,(java.lang.String) pant,(java.lang.String) product_title]">
      <![CDATA[org.testng.internal.reflect.MethodMatcherException: 
[public void TestScripts.WebHook.verifyingIfSyncDisableThenVariantNotUpdating() throws java.lang.InterruptedException] has no parameters defined but was found to be using a data provider (either explicitly specified or inherited from class level annotation).
Data provider mismatch
Method: verifyingIfSyncDisableThenVariantNotUpdating([])
Arguments: [(java.lang.String) pants,(java.lang.String) title,(java.lang.String) pant,(java.lang.String) product_title]
at java.base/java.util.ArrayList.forEach(ArrayList.java:1540)
... Removed 22 stack frames]]>
    </failure>
  </testcase> <!-- verifyingIfSyncDisableThenVariantNotUpdating -->
  <testcase classname="TestScripts.WebHook" name="verifyingNewProductCreatedInWalmart" time="0.0">
    <skipped/>
  </testcase> <!-- verifyingNewProductCreatedInWalmart -->
  <testcase classname="TestScripts.WebHook" name="updatingSimpleProductAttributesandVerifyingInWalmart" time="0.0">
    <skipped/>
  </testcase> <!-- updatingSimpleProductAttributesandVerifyingInWalmart -->
  <testcase classname="TestScripts.WebHook" name="updatingSimpleProductAttributesandVerifyingInWalmart" time="0.0">
    <skipped/>
  </testcase> <!-- updatingSimpleProductAttributesandVerifyingInWalmart -->
  <testcase classname="TestScripts.WebHook" name="updatingParametersForVariantsandVerifyingInWalmart" time="0.0">
    <skipped/>
  </testcase> <!-- updatingParametersForVariantsandVerifyingInWalmart -->
  <testcase classname="TestScripts.WebHook" name="updatingParametersForVariantsandVerifyingInWalmart" time="0.0">
    <skipped/>
  </testcase> <!-- updatingParametersForVariantsandVerifyingInWalmart -->
  <testcase classname="TestScripts.WebHook" name="updatingParametersForVariantsandVerifyingInWalmart" time="0.0">
    <skipped/>
  </testcase> <!-- updatingParametersForVariantsandVerifyingInWalmart -->
  <testcase classname="TestScripts.WebHook" name="updatingParametersForVariantsandVerifyingInWalmart" time="0.0">
    <skipped/>
  </testcase> <!-- updatingParametersForVariantsandVerifyingInWalmart -->
  <testcase classname="TestScripts.WebHook" name="updatingParametersForVariantsandVerifyingInWalmart" time="0.0">
    <skipped/>
  </testcase> <!-- updatingParametersForVariantsandVerifyingInWalmart -->
  <testcase classname="TestScripts.WebHook" name="verifyingAddVariantForProductHavingVariants" time="0.0">
    <skipped/>
  </testcase> <!-- verifyingAddVariantForProductHavingVariants -->
  <testcase classname="TestScripts.WebHook" name="verifyingDuplicateSkuUpdate" time="0.0">
    <skipped/>
  </testcase> <!-- verifyingDuplicateSkuUpdate -->
  <testcase classname="TestScripts.WebHook" name="verifyingInventoryPolicyandInventoryManagement" time="0.0">
    <skipped/>
  </testcase> <!-- verifyingInventoryPolicyandInventoryManagement -->
  <testcase classname="TestScripts.WebHook" name="verifyingDeleteVariant" time="0.0">
    <skipped/>
  </testcase> <!-- verifyingDeleteVariant -->
  <testcase classname="TestScripts.WebHook" name="verifyingDeleteProduct" time="0.0">
    <skipped/>
  </testcase> <!-- verifyingDeleteProduct -->
  <testcase classname="TestScripts.WebHook" name="verifyingInventoryPolicyandInventoryManagementForVariants" time="0.0">
    <skipped/>
  </testcase> <!-- verifyingInventoryPolicyandInventoryManagementForVariants -->
  <testcase classname="TestScripts.WebHook" name="verifyingBulkInventoryUpdate" time="0.0">
    <skipped/>
  </testcase> <!-- verifyingBulkInventoryUpdate -->
  <testcase classname="TestScripts.WebHook" name="verifyingCreateProductWithExistingProductType" time="0.0">
    <skipped/>
  </testcase> <!-- verifyingCreateProductWithExistingProductType -->
  <testcase classname="TestScripts.WebHook" name="verifyingTagsUpdateforSimpleProducts" time="0.0">
    <skipped/>
  </testcase> <!-- verifyingTagsUpdateforSimpleProducts -->
  <testcase classname="TestScripts.WebHook" name="VerifyingUpdateInventoryAfterCreatingOrder" time="0.0">
    <skipped/>
  </testcase> <!-- VerifyingUpdateInventoryAfterCreatingOrder -->
  <testcase classname="TestScripts.WebHook" name="verifyingAfterRefundInventoryStockisAddedBack" time="0.0">
    <skipped/>
  </testcase> <!-- verifyingAfterRefundInventoryStockisAddedBack -->
  <testcase classname="TestScripts.WebHook" name="verifyingIfSyncDisableThenNotUpdating" time="0.0">
    <skipped/>
  </testcase> <!-- verifyingIfSyncDisableThenNotUpdating -->
  <testcase classname="TestScripts.WebHook" name="verifyingIfSyncDisableThenNotUpdating" time="0.0">
    <skipped/>
  </testcase> <!-- verifyingIfSyncDisableThenNotUpdating -->
  <testcase classname="TestScripts.WebHook" name="verifyingIfSyncDisableThenNotUpdating" time="0.0">
    <skipped/>
  </testcase> <!-- verifyingIfSyncDisableThenNotUpdating -->
  <testcase classname="TestScripts.WebHook" name="verifyingIfSyncDisableThenNotUpdating" time="0.0">
    <skipped/>
  </testcase> <!-- verifyingIfSyncDisableThenNotUpdating -->
  <testcase classname="TestScripts.WebHook" name="verifyingIfSyncDisableThenNotUpdating" time="0.0">
    <skipped/>
  </testcase> <!-- verifyingIfSyncDisableThenNotUpdating -->
  <testcase classname="TestScripts.WebHook" name="verifyingIfSyncDisableThenNotUpdating" time="0.0">
    <skipped/>
  </testcase> <!-- verifyingIfSyncDisableThenNotUpdating -->
  <testcase classname="TestScripts.WebHook" name="verifyingIfSyncDisableThenNotUpdating" time="0.0">
    <skipped/>
  </testcase> <!-- verifyingIfSyncDisableThenNotUpdating -->
  <testcase classname="TestScripts.WebHook" name="verifyingIfSyncDisableThenNotUpdating" time="0.0">
    <skipped/>
  </testcase> <!-- verifyingIfSyncDisableThenNotUpdating -->
  <testcase classname="TestScripts.WebHook" name="verifyingIfSyncDisableThenNotUpdating" time="0.0">
    <skipped/>
  </testcase> <!-- verifyingIfSyncDisableThenNotUpdating -->
  <testcase classname="TestScripts.WebHook" name="verifyingNoProductCreatedWhenAutoProductCreateIsOff" time="0.0">
    <skipped/>
  </testcase> <!-- verifyingNoProductCreatedWhenAutoProductCreateIsOff -->
  <testcase classname="TestScripts.WebHook" name="verifyingIfSyncDisabledForAParticularAttributeThenNotUpdating" time="0.0">
    <skipped/>
  </testcase> <!-- verifyingIfSyncDisabledForAParticularAttributeThenNotUpdating -->
  <testcase classname="TestScripts.WebHook" name="verifyingIfSyncDisabledForAParticularAttributeThenNotUpdating" time="0.0">
    <skipped/>
  </testcase> <!-- verifyingIfSyncDisabledForAParticularAttributeThenNotUpdating -->
  <testcase classname="TestScripts.WebHook" name="verifyingIfSyncDisabledForAParticularAttributeThenNotUpdating" time="0.0">
    <skipped/>
  </testcase> <!-- verifyingIfSyncDisabledForAParticularAttributeThenNotUpdating -->
  <testcase classname="TestScripts.WebHook" name="verifyingIfSyncDisabledForAParticularAttributeThenNotUpdating" time="0.0">
    <skipped/>
  </testcase> <!-- verifyingIfSyncDisabledForAParticularAttributeThenNotUpdating -->
  <testcase classname="TestScripts.WebHook" name="verifyingIfSyncDisabledForAParticularAttributeThenNotUpdating" time="0.0">
    <skipped/>
  </testcase> <!-- verifyingIfSyncDisabledForAParticularAttributeThenNotUpdating -->
  <testcase classname="TestScripts.WebHook" name="verifyingIfSyncDisabledForAParticularAttributeThenNotUpdating" time="0.0">
    <skipped/>
  </testcase> <!-- verifyingIfSyncDisabledForAParticularAttributeThenNotUpdating -->
  <testcase classname="TestScripts.WebHook" name="verifyingIfSyncDisabledForAParticularAttributeThenNotUpdating" time="0.0">
    <skipped/>
  </testcase> <!-- verifyingIfSyncDisabledForAParticularAttributeThenNotUpdating -->
  <testcase classname="TestScripts.WebHook" name="verifyingIfSyncDisabledForAParticularAttributeThenNotUpdating" time="0.0">
    <skipped/>
  </testcase> <!-- verifyingIfSyncDisabledForAParticularAttributeThenNotUpdating -->
  <testcase classname="TestScripts.WebHook" name="verifyingIfSyncDisabledForAParticularAttributeThenNotUpdating" time="0.0">
    <skipped/>
  </testcase> <!-- verifyingIfSyncDisabledForAParticularAttributeThenNotUpdating -->
  <testcase classname="TestScripts.WebHook" name="verifyingWhenImportLimitReachedDelete1VariantAdd2VariantThen1VariantShouldBeAdded" time="0.0">
    <skipped/>
  </testcase> <!-- verifyingWhenImportLimitReachedDelete1VariantAdd2VariantThen1VariantShouldBeAdded -->
  <testcase classname="TestScripts.ImportExport" name="exportingCsvandUpdating" time="0.0">
    <skipped/>
  </testcase> <!-- exportingCsvandUpdating -->
  <testcase classname="TestScripts.ImportExport" name="exportingCsvandUpdating" time="0.0">
    <skipped/>
  </testcase> <!-- exportingCsvandUpdating -->
  <testcase classname="TestScripts.ImportExport" name="exportingCsvandUpdating" time="0.0">
    <skipped/>
  </testcase> <!-- exportingCsvandUpdating -->
  <testcase classname="TestScripts.ImportExport" name="exportingCsvandUpdating" time="0.0">
    <skipped/>
  </testcase> <!-- exportingCsvandUpdating -->
  <testcase classname="TestScripts.ImportExport" name="exportingCsvandUpdating" time="0.0">
    <skipped/>
  </testcase> <!-- exportingCsvandUpdating -->
  <testcase classname="TestScripts.ImportExport" name="exportingCsvandUpdating" time="0.0">
    <skipped/>
  </testcase> <!-- exportingCsvandUpdating -->
  <testcase classname="TestScripts.ImportExport" name="exportingCsvandUpdating" time="0.0">
    <skipped/>
  </testcase> <!-- exportingCsvandUpdating -->
  <testcase classname="TestScripts.ImportExport" name="exportingCsvandUpdating" time="0.0">
    <skipped/>
  </testcase> <!-- exportingCsvandUpdating -->
  <testcase classname="TestScripts.ImportExport" name="exportingCsvandUpdating" time="0.0">
    <skipped/>
  </testcase> <!-- exportingCsvandUpdating -->
  <testcase classname="TestScripts.ImportExport" name="exportingCsvandUpdating" time="0.0">
    <skipped/>
  </testcase> <!-- exportingCsvandUpdating -->
  <testcase classname="TestScripts.PricingPlan" name="verifyingPricingPlanAnnuallyAndMonthly" time="0.0">
    <skipped/>
  </testcase> <!-- verifyingPricingPlanAnnuallyAndMonthly -->
  <testcase classname="TestScripts.PricingPlan" name="verifyingPricingPlanAnnuallyAndMonthly" time="0.0">
    <skipped/>
  </testcase> <!-- verifyingPricingPlanAnnuallyAndMonthly -->
  <testcase classname="TestScripts.PricingPlan" name="verifyingPricingPlanAnnuallyAndMonthly" time="0.0">
    <skipped/>
  </testcase> <!-- verifyingPricingPlanAnnuallyAndMonthly -->
  <testcase classname="TestScripts.PricingPlan" name="verifyingPricingPlanAnnuallyAndMonthly" time="0.0">
    <skipped/>
  </testcase> <!-- verifyingPricingPlanAnnuallyAndMonthly -->
  <testcase classname="TestScripts.PricingPlan" name="verifyingPricingPlanAnnuallyAndMonthly" time="0.0">
    <skipped/>
  </testcase> <!-- verifyingPricingPlanAnnuallyAndMonthly -->
  <testcase classname="TestScripts.PricingPlan" name="verifyingPricingPlanAnnuallyAndMonthly" time="0.0">
    <skipped/>
  </testcase> <!-- verifyingPricingPlanAnnuallyAndMonthly -->
  <testcase classname="TestScripts.SalesOrder" name="fetchingOrders" time="0.001">
    <failure type="org.testng.internal.reflect.MethodMatcherException" message="
[public void TestScripts.SalesOrder.fetchingOrders() throws java.lang.InterruptedException] has no parameters defined but was found to be using a data provider (either explicitly specified or inherited from class level annotation).
Data provider mismatch
Method: fetchingOrders([])
Arguments: [(java.lang.String) 1582]">
      <![CDATA[org.testng.internal.reflect.MethodMatcherException: 
[public void TestScripts.SalesOrder.fetchingOrders() throws java.lang.InterruptedException] has no parameters defined but was found to be using a data provider (either explicitly specified or inherited from class level annotation).
Data provider mismatch
Method: fetchingOrders([])
Arguments: [(java.lang.String) 1582]
at java.base/java.util.ArrayList.forEach(ArrayList.java:1540)
... Removed 22 stack frames]]>
    </failure>
  </testcase> <!-- fetchingOrders -->
  <testcase classname="TestScripts.SalesOrder" name="syncShipment" time="0.002">
    <failure type="org.testng.internal.reflect.MethodMatcherException" message="
[public void TestScripts.SalesOrder.syncShipment() throws java.lang.InterruptedException] has no parameters defined but was found to be using a data provider (either explicitly specified or inherited from class level annotation).
Data provider mismatch
Method: syncShipment([])
Arguments: [(java.lang.String) 1582]">
      <![CDATA[org.testng.internal.reflect.MethodMatcherException: 
[public void TestScripts.SalesOrder.syncShipment() throws java.lang.InterruptedException] has no parameters defined but was found to be using a data provider (either explicitly specified or inherited from class level annotation).
Data provider mismatch
Method: syncShipment([])
Arguments: [(java.lang.String) 1582]
at java.base/java.util.ArrayList.forEach(ArrayList.java:1540)
... Removed 22 stack frames]]>
    </failure>
  </testcase> <!-- syncShipment -->
  <testcase classname="TestScripts.SalesOrder" name="updatingOrderStatusThroughLink" time="0.001">
    <failure type="org.testng.internal.reflect.MethodMatcherException" message="
[public void TestScripts.SalesOrder.updatingOrderStatusThroughLink() throws java.lang.InterruptedException] has no parameters defined but was found to be using a data provider (either explicitly specified or inherited from class level annotation).
Data provider mismatch
Method: updatingOrderStatusThroughLink([])
Arguments: [(java.lang.String) 1582]">
      <![CDATA[org.testng.internal.reflect.MethodMatcherException: 
[public void TestScripts.SalesOrder.updatingOrderStatusThroughLink() throws java.lang.InterruptedException] has no parameters defined but was found to be using a data provider (either explicitly specified or inherited from class level annotation).
Data provider mismatch
Method: updatingOrderStatusThroughLink([])
Arguments: [(java.lang.String) 1582]
at java.base/java.util.ArrayList.forEach(ArrayList.java:1540)
... Removed 22 stack frames]]>
    </failure>
  </testcase> <!-- updatingOrderStatusThroughLink -->
  <testcase classname="TestScripts.FailedOrders" name="updatingOrderStatus" time="0.0">
    <skipped/>
  </testcase> <!-- updatingOrderStatus -->
  <testcase classname="Framework.GUI.commons.test.commonTest" name="@BeforeSuite setBrowserBeforeSuite" time="0.0">
    <ignored/>
  </testcase> <!-- @BeforeSuite setBrowserBeforeSuite -->
  <testcase classname="Framework.GUI.commons.test.commonTest" name="@BeforeSuite setBrowserBeforeSuite" time="0.0">
    <ignored/>
  </testcase> <!-- @BeforeSuite setBrowserBeforeSuite -->
  <testcase classname="Framework.GUI.commons.test.commonTest" name="@BeforeSuite setBrowserBeforeSuite" time="0.0">
    <ignored/>
  </testcase> <!-- @BeforeSuite setBrowserBeforeSuite -->
  <testcase classname="Framework.GUI.commons.test.commonTest" name="@BeforeSuite setBrowserBeforeSuite" time="0.0">
    <ignored/>
  </testcase> <!-- @BeforeSuite setBrowserBeforeSuite -->
  <testcase classname="Framework.GUI.commons.test.commonTest" name="@BeforeSuite setBrowserBeforeSuite" time="0.0">
    <ignored/>
  </testcase> <!-- @BeforeSuite setBrowserBeforeSuite -->
  <testcase classname="Framework.GUI.commons.test.commonTest" name="@BeforeSuite setBrowserBeforeSuite" time="0.0">
    <ignored/>
  </testcase> <!-- @BeforeSuite setBrowserBeforeSuite -->
  <testcase classname="Framework.GUI.commons.test.commonTest" name="@AfterSuite closeAllBrowsers" time="0.0">
    <ignored/>
  </testcase> <!-- @AfterSuite closeAllBrowsers -->
  <testcase classname="Framework.GUI.commons.test.commonTest" name="@AfterSuite closeAllBrowsers" time="0.0">
    <ignored/>
  </testcase> <!-- @AfterSuite closeAllBrowsers -->
  <testcase classname="Framework.GUI.commons.test.commonTest" name="@AfterSuite closeAllBrowsers" time="0.0">
    <ignored/>
  </testcase> <!-- @AfterSuite closeAllBrowsers -->
  <testcase classname="Framework.GUI.commons.test.commonTest" name="@AfterSuite closeAllBrowsers" time="0.0">
    <ignored/>
  </testcase> <!-- @AfterSuite closeAllBrowsers -->
  <testcase classname="Framework.GUI.commons.test.commonTest" name="@AfterSuite closeAllBrowsers" time="0.0">
    <ignored/>
  </testcase> <!-- @AfterSuite closeAllBrowsers -->
  <testcase classname="Framework.GUI.commons.test.commonTest" name="@AfterSuite closeAllBrowsers" time="0.0">
    <ignored/>
  </testcase> <!-- @AfterSuite closeAllBrowsers -->
  <testcase classname="Framework.GUI.commons.test.commonTest" name="@AfterSuite endReport" time="0.0">
    <ignored/>
  </testcase> <!-- @AfterSuite endReport -->
  <testcase classname="Framework.GUI.commons.test.commonTest" name="@AfterSuite endReport" time="0.0">
    <ignored/>
  </testcase> <!-- @AfterSuite endReport -->
  <testcase classname="Framework.GUI.commons.test.commonTest" name="@AfterSuite endReport" time="0.0">
    <ignored/>
  </testcase> <!-- @AfterSuite endReport -->
  <testcase classname="Framework.GUI.commons.test.commonTest" name="@AfterSuite endReport" time="0.0">
    <ignored/>
  </testcase> <!-- @AfterSuite endReport -->
  <testcase classname="Framework.GUI.commons.test.commonTest" name="@AfterSuite endReport" time="0.0">
    <ignored/>
  </testcase> <!-- @AfterSuite endReport -->
  <testcase classname="Framework.GUI.commons.test.commonTest" name="@AfterSuite endReport" time="0.0">
    <ignored/>
  </testcase> <!-- @AfterSuite endReport -->
  <testcase classname="Framework.GUI.commons.test.commonTest" name="@BeforeTest setBrowserBeforeTest" time="0.0">
    <ignored/>
  </testcase> <!-- @BeforeTest setBrowserBeforeTest -->
  <testcase classname="Framework.GUI.commons.test.commonTest" name="@BeforeTest setBrowserBeforeTest" time="0.0">
    <ignored/>
  </testcase> <!-- @BeforeTest setBrowserBeforeTest -->
  <testcase classname="Framework.GUI.commons.test.commonTest" name="@BeforeTest setBrowserBeforeTest" time="0.0">
    <ignored/>
  </testcase> <!-- @BeforeTest setBrowserBeforeTest -->
  <testcase classname="Framework.GUI.commons.test.commonTest" name="@BeforeTest setBrowserBeforeTest" time="0.0">
    <ignored/>
  </testcase> <!-- @BeforeTest setBrowserBeforeTest -->
  <testcase classname="Framework.GUI.commons.test.commonTest" name="@BeforeTest setBrowserBeforeTest" time="0.0">
    <ignored/>
  </testcase> <!-- @BeforeTest setBrowserBeforeTest -->
  <testcase classname="Framework.GUI.commons.test.commonTest" name="@BeforeTest setBrowserBeforeTest" time="0.0">
    <ignored/>
  </testcase> <!-- @BeforeTest setBrowserBeforeTest -->
</testsuite> <!-- Demo -->
