<?xml version="1.0" encoding="UTF-8"?>
<!-- Generated by org.testng.reporters.JUnitXMLReporter -->
<testsuite ignored="0" hostname="varshaverma" failures="0" tests="3" name="Default test" time="59.881" errors="0" timestamp="2020-11-13T16:24:27 IST">
  <testcase classname="TestScripts.WebHook" name="@BeforeMethod BeforeMethod" time="0.432">
    <failure type="org.openqa.selenium.NoSuchWindowException" message="no such window: target window already closed
from unknown error: web view not found
  (Session info: chrome=79.0.3945.117)
Build info: version: &amp;apos;3.6.0&amp;apos;, revision: &amp;apos;6fbf3ec767&amp;apos;, time: &amp;apos;2017-09-27T15:28:36.4Z&amp;apos;
System info: host: &amp;apos;varshaverma&amp;apos;, ip: &amp;apos;127.0.1.1&amp;apos;, os.name: &amp;apos;Linux&amp;apos;, os.arch: &amp;apos;amd64&amp;apos;, os.version: &amp;apos;5.0.0-32-generic&amp;apos;, java.version: &amp;apos;11.0.4&amp;apos;
Driver info: org.openqa.selenium.chrome.ChromeDriver
Capabilities [{networkConnectionEnabled=false, chrome={chromedriverVersion=79.0.3945.36 (3582db32b33893869b8c1339e8f4d9ed1816f143-refs/branch-heads/3945@{#614}), userDataDir=/tmp/.com.google.Chrome.WkzFwb}, timeouts={implicit=0, pageLoad=300000, script=30000}, pageLoadStrategy=normal, unhandledPromptBehavior=dismiss and notify, strictFileInteractability=false, platform=LINUX, proxy=Proxy(), goog:chromeOptions={debuggerAddress=localhost:40663}, acceptInsecureCerts=false, browserVersion=79.0.3945.117, browserName=chrome, javascriptEnabled=true, platformName=LINUX, setWindowRect=true}]
Session ID: 8495dac973004377e442ac7c699ae0e4">
      <![CDATA[org.openqa.selenium.NoSuchWindowException: no such window: target window already closed
from unknown error: web view not found
  (Session info: chrome=79.0.3945.117)
Build info: version: '3.6.0', revision: '6fbf3ec767', time: '2017-09-27T15:28:36.4Z'
System info: host: 'varshaverma', ip: '127.0.1.1', os.name: 'Linux', os.arch: 'amd64', os.version: '5.0.0-32-generic', java.version: '11.0.4'
Driver info: org.openqa.selenium.chrome.ChromeDriver
Capabilities [{networkConnectionEnabled=false, chrome={chromedriverVersion=79.0.3945.36 (3582db32b33893869b8c1339e8f4d9ed1816f143-refs/branch-heads/3945@{#614}), userDataDir=/tmp/.com.google.Chrome.WkzFwb}, timeouts={implicit=0, pageLoad=300000, script=30000}, pageLoadStrategy=normal, unhandledPromptBehavior=dismiss and notify, strictFileInteractability=false, platform=LINUX, proxy=Proxy(), goog:chromeOptions={debuggerAddress=localhost:40663}, acceptInsecureCerts=false, browserVersion=79.0.3945.117, browserName=chrome, javascriptEnabled=true, platformName=LINUX, setWindowRect=true}]
Session ID: 8495dac973004377e442ac7c699ae0e4
at java.base/jdk.internal.reflect.NativeConstructorAccessorImpl.newInstance0(Native Method)
at java.base/jdk.internal.reflect.NativeConstructorAccessorImpl.newInstance(NativeConstructorAccessorImpl.java:62)
at java.base/jdk.internal.reflect.DelegatingConstructorAccessorImpl.newInstance(DelegatingConstructorAccessorImpl.java:45)
at java.base/java.lang.reflect.Constructor.newInstance(Constructor.java:490)
at org.openqa.selenium.remote.http.W3CHttpResponseCodec.createException(W3CHttpResponseCodec.java:185)
at org.openqa.selenium.remote.http.W3CHttpResponseCodec.decode(W3CHttpResponseCodec.java:120)
at org.openqa.selenium.remote.http.W3CHttpResponseCodec.decode(W3CHttpResponseCodec.java:49)
at org.openqa.selenium.remote.HttpCommandExecutor.execute(HttpCommandExecutor.java:164)
at org.openqa.selenium.remote.service.DriverCommandExecutor.execute(DriverCommandExecutor.java:83)
at org.openqa.selenium.remote.RemoteWebDriver.execute(RemoteWebDriver.java:586)
at org.openqa.selenium.remote.RemoteWebDriver.get(RemoteWebDriver.java:310)
at GoogleIntegration.pages.WebHook_Page.LogginginShopify(WebHook_Page.java:354)
at GoogleIntegration.module.WebHook_Module.LogginginShopify(WebHook_Module.java:23)
at TestScripts.WebHook.BeforeMethod(WebHook.java:46)
at java.base/jdk.internal.reflect.NativeMethodAccessorImpl.invoke0(Native Method)
at java.base/jdk.internal.reflect.NativeMethodAccessorImpl.invoke(NativeMethodAccessorImpl.java:62)
at java.base/jdk.internal.reflect.DelegatingMethodAccessorImpl.invoke(DelegatingMethodAccessorImpl.java:43)
at java.base/java.lang.reflect.Method.invoke(Method.java:566)
at org.testng.internal.MethodInvocationHelper.invokeMethod(MethodInvocationHelper.java:135)
at org.testng.internal.MethodInvocationHelper.invokeMethodConsideringTimeout(MethodInvocationHelper.java:64)
at org.testng.internal.ConfigInvoker.invokeConfigurationMethod(ConfigInvoker.java:364)
at org.testng.internal.ConfigInvoker.invokeConfigurations(ConfigInvoker.java:318)
at org.testng.internal.TestInvoker.runConfigMethods(TestInvoker.java:700)
at org.testng.internal.TestInvoker.invokeMethod(TestInvoker.java:527)
at org.testng.internal.TestInvoker.invokeTestMethod(TestInvoker.java:174)
at org.testng.internal.MethodRunner.runInSequence(MethodRunner.java:46)
at org.testng.internal.TestInvoker$MethodInvocationAgent.invoke(TestInvoker.java:821)
at org.testng.internal.TestInvoker.invokeTestMethods(TestInvoker.java:147)
at org.testng.internal.TestMethodWorker.invokeTestMethods(TestMethodWorker.java:146)
at org.testng.internal.TestMethodWorker.run(TestMethodWorker.java:128)
at java.base/java.util.ArrayList.forEach(ArrayList.java:1540)
at org.testng.TestRunner.privateRun(TestRunner.java:767)
at org.testng.TestRunner.run(TestRunner.java:588)
at org.testng.SuiteRunner.runTest(SuiteRunner.java:384)
at org.testng.SuiteRunner.runSequentially(SuiteRunner.java:378)
at org.testng.SuiteRunner.privateRun(SuiteRunner.java:337)
at org.testng.SuiteRunner.run(SuiteRunner.java:286)
at org.testng.SuiteRunnerWorker.runSuite(SuiteRunnerWorker.java:53)
at org.testng.SuiteRunnerWorker.run(SuiteRunnerWorker.java:96)
at org.testng.TestNG.runSuitesSequentially(TestNG.java:1214)
at org.testng.TestNG.runSuitesLocally(TestNG.java:1136)
at org.testng.TestNG.runSuites(TestNG.java:1066)
at org.testng.TestNG.run(TestNG.java:1034)
at org.testng.remote.AbstractRemoteTestNG.run(AbstractRemoteTestNG.java:115)
at org.testng.remote.RemoteTestNG.initAndRun(RemoteTestNG.java:251)
at org.testng.remote.RemoteTestNG.main(RemoteTestNG.java:77)
]]>
    </failure>
  </testcase> <!-- @BeforeMethod BeforeMethod -->
  <testcase classname="Framework.GUI.commons.test.commonTest" name="@AfterMethod addLogsIntoExtentReport" time="-1.6052648676E9">
    <skipped/>
  </testcase> <!-- @AfterMethod addLogsIntoExtentReport -->
  <testcase classname="Framework.GUI.commons.test.commonTest" name="@AfterMethod getResult" time="-1.6052648676E9">
    <skipped/>
  </testcase> <!-- @AfterMethod getResult -->
  <testcase classname="Framework.GUI.commons.test.commonTest" name="@AfterMethod setScreenCaptureTrue" time="-1.605264867601E9">
    <skipped/>
  </testcase> <!-- @AfterMethod setScreenCaptureTrue -->
  <testcase classname="Framework.GUI.commons.test.commonTest" name="@BeforeMethod setBrowserBeforeMethods" time="-1.605264867615E9">
    <skipped/>
  </testcase> <!-- @BeforeMethod setBrowserBeforeMethods -->
  <testcase classname="Framework.GUI.commons.test.commonTest" name="@BeforeMethod setupExtentReport" time="-1.605264867616E9">
    <skipped/>
  </testcase> <!-- @BeforeMethod setupExtentReport -->
  <testcase classname="TestScripts.WebHook" name="@BeforeMethod BeforeMethod" time="-1.605264867617E9">
    <skipped/>
  </testcase> <!-- @BeforeMethod BeforeMethod -->
  <testcase classname="Framework.GUI.commons.test.commonTest" name="@AfterMethod addLogsIntoExtentReport" time="-1.605264867623E9">
    <skipped/>
  </testcase> <!-- @AfterMethod addLogsIntoExtentReport -->
  <testcase classname="Framework.GUI.commons.test.commonTest" name="@AfterMethod getResult" time="-1.605264867625E9">
    <skipped/>
  </testcase> <!-- @AfterMethod getResult -->
  <testcase classname="Framework.GUI.commons.test.commonTest" name="@AfterMethod setScreenCaptureTrue" time="-1.605264867626E9">
    <skipped/>
  </testcase> <!-- @AfterMethod setScreenCaptureTrue -->
  <testcase classname="Framework.GUI.commons.test.commonTest" name="@BeforeMethod setBrowserBeforeMethods" time="-1.605264867629E9">
    <skipped/>
  </testcase> <!-- @BeforeMethod setBrowserBeforeMethods -->
  <testcase classname="Framework.GUI.commons.test.commonTest" name="@BeforeMethod setupExtentReport" time="-1.605264867632E9">
    <skipped/>
  </testcase> <!-- @BeforeMethod setupExtentReport -->
  <testcase classname="TestScripts.WebHook" name="@BeforeMethod BeforeMethod" time="-1.605264867632E9">
    <skipped/>
  </testcase> <!-- @BeforeMethod BeforeMethod -->
  <testcase classname="Framework.GUI.commons.test.commonTest" name="@AfterMethod addLogsIntoExtentReport" time="-1.605264867635E9">
    <skipped/>
  </testcase> <!-- @AfterMethod addLogsIntoExtentReport -->
  <testcase classname="Framework.GUI.commons.test.commonTest" name="@AfterMethod getResult" time="-1.605264867636E9">
    <skipped/>
  </testcase> <!-- @AfterMethod getResult -->
  <testcase classname="Framework.GUI.commons.test.commonTest" name="@AfterMethod setScreenCaptureTrue" time="-1.605264867636E9">
    <skipped/>
  </testcase> <!-- @AfterMethod setScreenCaptureTrue -->
  <testcase classname="TestScripts.WebHook" name="shopUpdate" time="0.0">
    <skipped/>
  </testcase> <!-- shopUpdate -->
  <testcase classname="TestScripts.WebHook" name="updatingSimpleProductAttributesandVerifyingInGoogle" time="0.0">
    <skipped/>
  </testcase> <!-- updatingSimpleProductAttributesandVerifyingInGoogle -->
  <testcase classname="TestScripts.WebHook" name="updatingSimpleProductAttributesandVerifyingInGoogle" time="0.0">
    <skipped/>
  </testcase> <!-- updatingSimpleProductAttributesandVerifyingInGoogle -->
</testsuite> <!-- Default test -->
