<?xml version="1.0" encoding="UTF-8"?>
<testng-results ignored="0" total="1" passed="0" failed="1" skipped="0">
  <reporter-output>
    <line>
      <![CDATA[<br>Enter text [[shantanugupta@cedcommerce.com]] in [ShopifyLogin] on [WebHook_Page]]]>
    </line>
    <line>
      <![CDATA[<br>Click [NextButton] on [WebHook_Page]]]>
    </line>
    <line>
      <![CDATA[<br>Enter text [[dracarys]] in [ShopifyPassword] on [WebHook_Page]]]>
    </line>
    <line>
      <![CDATA[<br>Enter text [[]] in [ShopifyPassword] on [WebHook_Page]]]>
    </line>
    <line>
      <![CDATA[<br>Click [Products_Shopify] on [WebHook_Page]]]>
    </line>
    <line>
      <![CDATA[<br>Click [AddProductButton] on [WebHook_Page]]]>
    </line>
    <line>
      <![CDATA[<br>Enter text [[Shorts]] in [TitleTextBox] on [WebHook_Page]]]>
    </line>
    <line>
      <![CDATA[<br>Enter text [[Shorts for men]] in [DescriptionTextBox] on [WebHook_Page]]]>
    </line>
    <line>
      <![CDATA[<br>Enter text [[Pants]] in [ProductTypeTextBox] on [WebHook_Page]]]>
    </line>
  </reporter-output>
  <suite started-at="2020-06-30T20:11:44 IST" name="Default suite" finished-at="2020-06-30T20:13:07 IST" duration-ms="83078">
    <groups>
    </groups>
    <test started-at="2020-06-30T20:11:44 IST" name="Default test" finished-at="2020-06-30T20:13:07 IST" duration-ms="83078">
      <class name="TestScripts.WebHook">
        <test-method is-config="true" signature="setBrowserBeforeSuite(java.lang.String, java.lang.String, java.lang.String, java.lang.String)[pri:0, instance:TestScripts.WebHook@4d18aa28]" started-at="2020-06-30T20:11:44 IST" name="setBrowserBeforeSuite" finished-at="2020-06-30T20:11:44 IST" duration-ms="8" status="PASS">
          <params>
            <param index="0">
              <value>
                <![CDATA[]]>
              </value>
            </param>
            <param index="1">
              <value>
                <![CDATA[]]>
              </value>
            </param>
            <param index="2">
              <value>
                <![CDATA[]]>
              </value>
            </param>
            <param index="3">
              <value>
                <![CDATA[]]>
              </value>
            </param>
          </params>
          <reporter-output>
          </reporter-output>
        </test-method> <!-- setBrowserBeforeSuite -->
        <test-method is-config="true" signature="setBrowserBeforeTest(java.lang.String, java.lang.String, java.lang.String, java.lang.String)[pri:0, instance:TestScripts.WebHook@4d18aa28]" started-at="2020-06-30T20:11:44 IST" name="setBrowserBeforeTest" finished-at="2020-06-30T20:11:44 IST" duration-ms="1" status="PASS">
          <params>
            <param index="0">
              <value>
                <![CDATA[]]>
              </value>
            </param>
            <param index="1">
              <value>
                <![CDATA[]]>
              </value>
            </param>
            <param index="2">
              <value>
                <![CDATA[]]>
              </value>
            </param>
            <param index="3">
              <value>
                <![CDATA[]]>
              </value>
            </param>
          </params>
          <reporter-output>
          </reporter-output>
        </test-method> <!-- setBrowserBeforeTest -->
        <test-method is-config="true" signature="setBrowserBeforeClass(java.lang.String, java.lang.String, java.lang.String, java.lang.String)[pri:0, instance:TestScripts.WebHook@4d18aa28]" started-at="2020-06-30T20:11:44 IST" name="setBrowserBeforeClass" finished-at="2020-06-30T20:11:44 IST" duration-ms="0" status="PASS">
          <params>
            <param index="0">
              <value>
                <![CDATA[]]>
              </value>
            </param>
            <param index="1">
              <value>
                <![CDATA[]]>
              </value>
            </param>
            <param index="2">
              <value>
                <![CDATA[]]>
              </value>
            </param>
            <param index="3">
              <value>
                <![CDATA[]]>
              </value>
            </param>
          </params>
          <reporter-output>
          </reporter-output>
        </test-method> <!-- setBrowserBeforeClass -->
        <test-method is-config="true" signature="setBrowserBeforeMethods(java.lang.String, java.lang.String, java.lang.String, java.lang.String)[pri:0, instance:TestScripts.WebHook@4d18aa28]" started-at="2020-06-30T20:11:44 IST" name="setBrowserBeforeMethods" finished-at="2020-06-30T20:11:44 IST" duration-ms="1" status="PASS">
          <params>
            <param index="0">
              <value>
                <![CDATA[]]>
              </value>
            </param>
            <param index="1">
              <value>
                <![CDATA[]]>
              </value>
            </param>
            <param index="2">
              <value>
                <![CDATA[]]>
              </value>
            </param>
            <param index="3">
              <value>
                <![CDATA[]]>
              </value>
            </param>
          </params>
          <reporter-output>
          </reporter-output>
        </test-method> <!-- setBrowserBeforeMethods -->
        <test-method is-config="true" signature="setupExtentReport(java.lang.reflect.Method)[pri:0, instance:TestScripts.WebHook@4d18aa28]" started-at="2020-06-30T20:11:44 IST" name="setupExtentReport" finished-at="2020-06-30T20:11:48 IST" duration-ms="3836" status="PASS">
          <params>
            <param index="0">
              <value>
                <![CDATA[public void TestScripts.WebHook.verifyingNewProductCreatedInWalmart() throws java.lang.InterruptedException]]>
              </value>
            </param>
          </params>
          <reporter-output>
          </reporter-output>
        </test-method> <!-- setupExtentReport -->
        <test-method is-config="true" signature="BeforeMethod()[pri:0, instance:TestScripts.WebHook@4d18aa28]" started-at="2020-06-30T20:11:48 IST" name="BeforeMethod" finished-at="2020-06-30T20:12:13 IST" duration-ms="25401" status="PASS">
          <reporter-output>
            <line>
              <![CDATA[<br>Enter text [[shantanugupta@cedcommerce.com]] in [ShopifyLogin] on [WebHook_Page]]]>
            </line>
            <line>
              <![CDATA[<br>Click [NextButton] on [WebHook_Page]]]>
            </line>
            <line>
              <![CDATA[<br>Enter text [[dracarys]] in [ShopifyPassword] on [WebHook_Page]]]>
            </line>
            <line>
              <![CDATA[<br>Enter text [[]] in [ShopifyPassword] on [WebHook_Page]]]>
            </line>
          </reporter-output>
        </test-method> <!-- BeforeMethod -->
        <test-method signature="verifyingNewProductCreatedInWalmart()[pri:0, instance:TestScripts.WebHook@4d18aa28]" started-at="2020-06-30T20:12:13 IST" name="verifyingNewProductCreatedInWalmart" finished-at="2020-06-30T20:13:07 IST" duration-ms="53731" status="FAIL">
          <exception class="org.openqa.selenium.NoSuchElementException">
            <message>
              <![CDATA[no such element: Unable to locate element: {"method":"xpath","selector":"//*[contains(@placeholder,'e.g. Shirts')]"}
  (Session info: chrome=79.0.3945.117)
For documentation on this error, please visit: http://seleniumhq.org/exceptions/no_such_element.html
Build info: version: '3.6.0', revision: '6fbf3ec767', time: '2017-09-27T15:28:36.4Z'
System info: host: 'jishnu.kapoor', ip: '127.0.1.1', os.name: 'Linux', os.arch: 'amd64', os.version: '5.0.0-32-generic', java.version: '11.0.4'
Driver info: org.openqa.selenium.chrome.ChromeDriver
Capabilities [{networkConnectionEnabled=false, chrome={chromedriverVersion=79.0.3945.36 (3582db32b33893869b8c1339e8f4d9ed1816f143-refs/branch-heads/3945@{#614}), userDataDir=/tmp/.com.google.Chrome.qbxJsM}, timeouts={implicit=0, pageLoad=300000, script=30000}, pageLoadStrategy=normal, unhandledPromptBehavior=dismiss and notify, strictFileInteractability=false, platform=LINUX, proxy=Proxy(), goog:chromeOptions={debuggerAddress=localhost:33489}, acceptInsecureCerts=false, browserVersion=79.0.3945.117, browserName=chrome, javascriptEnabled=true, platformName=LINUX, setWindowRect=true}]
Session ID: 4ea54c1977f19f86fbb30a6fa61884fa
*** Element info: {Using=xpath, value=//*[contains(@placeholder,'e.g. Shirts')]}]]>
            </message>
            <full-stacktrace>
              <![CDATA[org.openqa.selenium.NoSuchElementException: no such element: Unable to locate element: {"method":"xpath","selector":"//*[contains(@placeholder,'e.g. Shirts')]"}
  (Session info: chrome=79.0.3945.117)
For documentation on this error, please visit: http://seleniumhq.org/exceptions/no_such_element.html
Build info: version: '3.6.0', revision: '6fbf3ec767', time: '2017-09-27T15:28:36.4Z'
System info: host: 'jishnu.kapoor', ip: '127.0.1.1', os.name: 'Linux', os.arch: 'amd64', os.version: '5.0.0-32-generic', java.version: '11.0.4'
Driver info: org.openqa.selenium.chrome.ChromeDriver
Capabilities [{networkConnectionEnabled=false, chrome={chromedriverVersion=79.0.3945.36 (3582db32b33893869b8c1339e8f4d9ed1816f143-refs/branch-heads/3945@{#614}), userDataDir=/tmp/.com.google.Chrome.qbxJsM}, timeouts={implicit=0, pageLoad=300000, script=30000}, pageLoadStrategy=normal, unhandledPromptBehavior=dismiss and notify, strictFileInteractability=false, platform=LINUX, proxy=Proxy(), goog:chromeOptions={debuggerAddress=localhost:33489}, acceptInsecureCerts=false, browserVersion=79.0.3945.117, browserName=chrome, javascriptEnabled=true, platformName=LINUX, setWindowRect=true}]
Session ID: 4ea54c1977f19f86fbb30a6fa61884fa
*** Element info: {Using=xpath, value=//*[contains(@placeholder,'e.g. Shirts')]}
at java.base/jdk.internal.reflect.NativeConstructorAccessorImpl.newInstance0(Native Method)
at java.base/jdk.internal.reflect.NativeConstructorAccessorImpl.newInstance(NativeConstructorAccessorImpl.java:62)
at java.base/jdk.internal.reflect.DelegatingConstructorAccessorImpl.newInstance(DelegatingConstructorAccessorImpl.java:45)
at java.base/java.lang.reflect.Constructor.newInstance(Constructor.java:490)
at org.openqa.selenium.remote.http.W3CHttpResponseCodec.createException(W3CHttpResponseCodec.java:185)
at org.openqa.selenium.remote.http.W3CHttpResponseCodec.decode(W3CHttpResponseCodec.java:120)
at org.openqa.selenium.remote.http.W3CHttpResponseCodec.decode(W3CHttpResponseCodec.java:49)
at org.openqa.selenium.remote.HttpCommandExecutor.execute(HttpCommandExecutor.java:164)
at org.openqa.selenium.remote.service.DriverCommandExecutor.execute(DriverCommandExecutor.java:83)
at org.openqa.selenium.remote.RemoteWebDriver.execute(RemoteWebDriver.java:586)
at org.openqa.selenium.remote.RemoteWebDriver.findElement(RemoteWebDriver.java:356)
at org.openqa.selenium.remote.RemoteWebDriver.findElementByXPath(RemoteWebDriver.java:458)
at org.openqa.selenium.By$ByXPath.findElement(By.java:361)
at org.openqa.selenium.remote.RemoteWebDriver.findElement(RemoteWebDriver.java:348)
at Framework.GUI.element.UIElement.getWrappedElement(UIElement.java:185)
at Framework.GUI.element.UIElement.sendKeys(UIElement.java:110)
at walmartIntegration.pages.WebHook_Page.creatingNewProduct(WebHook_Page.java:211)
at walmartIntegration.module.WebHook_Module.creatingNewProduct(WebHook_Module.java:34)
at TestScripts.WebHook.verifyingNewProductCreatedInWalmart(WebHook.java:40)
at java.base/jdk.internal.reflect.NativeMethodAccessorImpl.invoke0(Native Method)
at java.base/jdk.internal.reflect.NativeMethodAccessorImpl.invoke(NativeMethodAccessorImpl.java:62)
at java.base/jdk.internal.reflect.DelegatingMethodAccessorImpl.invoke(DelegatingMethodAccessorImpl.java:43)
at java.base/java.lang.reflect.Method.invoke(Method.java:566)
at org.testng.internal.MethodInvocationHelper.invokeMethod(MethodInvocationHelper.java:135)
at org.testng.internal.TestInvoker.invokeMethod(TestInvoker.java:598)
at org.testng.internal.TestInvoker.invokeTestMethod(TestInvoker.java:174)
at org.testng.internal.MethodRunner.runInSequence(MethodRunner.java:46)
at org.testng.internal.TestInvoker$MethodInvocationAgent.invoke(TestInvoker.java:821)
at org.testng.internal.TestInvoker.invokeTestMethods(TestInvoker.java:147)
at org.testng.internal.TestMethodWorker.invokeTestMethods(TestMethodWorker.java:146)
at org.testng.internal.TestMethodWorker.run(TestMethodWorker.java:128)
at java.base/java.util.ArrayList.forEach(ArrayList.java:1540)
at org.testng.TestRunner.privateRun(TestRunner.java:767)
at org.testng.TestRunner.run(TestRunner.java:588)
at org.testng.SuiteRunner.runTest(SuiteRunner.java:384)
at org.testng.SuiteRunner.runSequentially(SuiteRunner.java:378)
at org.testng.SuiteRunner.privateRun(SuiteRunner.java:337)
at org.testng.SuiteRunner.run(SuiteRunner.java:286)
at org.testng.SuiteRunnerWorker.runSuite(SuiteRunnerWorker.java:53)
at org.testng.SuiteRunnerWorker.run(SuiteRunnerWorker.java:96)
at org.testng.TestNG.runSuitesSequentially(TestNG.java:1214)
at org.testng.TestNG.runSuitesLocally(TestNG.java:1136)
at org.testng.TestNG.runSuites(TestNG.java:1066)
at org.testng.TestNG.run(TestNG.java:1034)
at org.testng.remote.AbstractRemoteTestNG.run(AbstractRemoteTestNG.java:115)
at org.testng.remote.RemoteTestNG.initAndRun(RemoteTestNG.java:251)
at org.testng.remote.RemoteTestNG.main(RemoteTestNG.java:77)
]]>
            </full-stacktrace>
          </exception> <!-- org.openqa.selenium.NoSuchElementException -->
          <reporter-output>
            <line>
              <![CDATA[<br>Click [Products_Shopify] on [WebHook_Page]]]>
            </line>
            <line>
              <![CDATA[<br>Click [AddProductButton] on [WebHook_Page]]]>
            </line>
            <line>
              <![CDATA[<br>Enter text [[Shorts]] in [TitleTextBox] on [WebHook_Page]]]>
            </line>
            <line>
              <![CDATA[<br>Enter text [[Shorts for men]] in [DescriptionTextBox] on [WebHook_Page]]]>
            </line>
            <line>
              <![CDATA[<br>Enter text [[Pants]] in [ProductTypeTextBox] on [WebHook_Page]]]>
            </line>
          </reporter-output>
        </test-method> <!-- verifyingNewProductCreatedInWalmart -->
        <test-method is-config="true" signature="aftermethod()[pri:0, instance:TestScripts.WebHook@4d18aa28]" started-at="2020-06-30T20:13:07 IST" name="aftermethod" finished-at="2020-06-30T20:13:07 IST" duration-ms="77" status="PASS">
          <reporter-output>
          </reporter-output>
        </test-method> <!-- aftermethod -->
        <test-method is-config="true" signature="addLogsIntoExtentReport(org.testng.ITestResult)[pri:0, instance:TestScripts.WebHook@4d18aa28]" started-at="2020-06-30T20:13:07 IST" name="addLogsIntoExtentReport" finished-at="2020-06-30T20:13:07 IST" duration-ms="0" status="PASS">
          <params>
            <param index="0">
              <value>
                <![CDATA[[TestResult name=verifyingNewProductCreatedInWalmart status=FAILURE method=WebHook.verifyingNewProductCreatedInWalmart()[pri:0, instance:TestScripts.WebHook@4d18aa28] output=<br>Click [Products_Shopify] on [WebHook_Page]]]]>
              </value>
            </param>
          </params>
          <reporter-output>
          </reporter-output>
        </test-method> <!-- addLogsIntoExtentReport -->
        <test-method is-config="true" signature="getResult(org.testng.ITestResult)[pri:0, instance:TestScripts.WebHook@4d18aa28]" started-at="2020-06-30T20:13:07 IST" name="getResult" finished-at="2020-06-30T20:13:07 IST" duration-ms="1" status="FAIL">
          <params>
            <param index="0">
              <value>
                <![CDATA[[TestResult name=verifyingNewProductCreatedInWalmart status=FAILURE method=WebHook.verifyingNewProductCreatedInWalmart()[pri:0, instance:TestScripts.WebHook@4d18aa28] output=<br>Click [Products_Shopify] on [WebHook_Page]]]]>
              </value>
            </param>
          </params>
          <exception class="org.openqa.selenium.NoSuchSessionException">
            <message>
              <![CDATA[Session ID is null. Using WebDriver after calling quit()?
Build info: version: '3.6.0', revision: '6fbf3ec767', time: '2017-09-27T15:28:36.4Z'
System info: host: 'jishnu.kapoor', ip: '127.0.1.1', os.name: 'Linux', os.arch: 'amd64', os.version: '5.0.0-32-generic', java.version: '11.0.4'
Driver info: driver.version: RemoteWebDriver]]>
            </message>
            <full-stacktrace>
              <![CDATA[org.openqa.selenium.NoSuchSessionException: Session ID is null. Using WebDriver after calling quit()?
Build info: version: '3.6.0', revision: '6fbf3ec767', time: '2017-09-27T15:28:36.4Z'
System info: host: 'jishnu.kapoor', ip: '127.0.1.1', os.name: 'Linux', os.arch: 'amd64', os.version: '5.0.0-32-generic', java.version: '11.0.4'
Driver info: driver.version: RemoteWebDriver
at org.openqa.selenium.remote.HttpCommandExecutor.execute(HttpCommandExecutor.java:131)
at org.openqa.selenium.remote.service.DriverCommandExecutor.execute(DriverCommandExecutor.java:83)
at org.openqa.selenium.remote.RemoteWebDriver.execute(RemoteWebDriver.java:586)
at org.openqa.selenium.remote.RemoteWebDriver.execute(RemoteWebDriver.java:643)
at org.openqa.selenium.remote.RemoteWebDriver.getScreenshotAs(RemoteWebDriver.java:328)
at Framework.Utils.CommonUtils.createScreenshot(CommonUtils.java:104)
at Framework.GUI.commons.test.commonTest.getResult(commonTest.java:110)
at java.base/jdk.internal.reflect.NativeMethodAccessorImpl.invoke0(Native Method)
at java.base/jdk.internal.reflect.NativeMethodAccessorImpl.invoke(NativeMethodAccessorImpl.java:62)
at java.base/jdk.internal.reflect.DelegatingMethodAccessorImpl.invoke(DelegatingMethodAccessorImpl.java:43)
at java.base/java.lang.reflect.Method.invoke(Method.java:566)
at org.testng.internal.MethodInvocationHelper.invokeMethod(MethodInvocationHelper.java:135)
at org.testng.internal.MethodInvocationHelper.invokeMethodConsideringTimeout(MethodInvocationHelper.java:64)
at org.testng.internal.ConfigInvoker.invokeConfigurationMethod(ConfigInvoker.java:364)
at org.testng.internal.ConfigInvoker.invokeConfigurations(ConfigInvoker.java:318)
at org.testng.internal.TestInvoker.runConfigMethods(TestInvoker.java:700)
at org.testng.internal.TestInvoker.runAfterGroupsConfigurations(TestInvoker.java:676)
at org.testng.internal.TestInvoker.invokeMethod(TestInvoker.java:660)
at org.testng.internal.TestInvoker.invokeTestMethod(TestInvoker.java:174)
at org.testng.internal.MethodRunner.runInSequence(MethodRunner.java:46)
at org.testng.internal.TestInvoker$MethodInvocationAgent.invoke(TestInvoker.java:821)
at org.testng.internal.TestInvoker.invokeTestMethods(TestInvoker.java:147)
at org.testng.internal.TestMethodWorker.invokeTestMethods(TestMethodWorker.java:146)
at org.testng.internal.TestMethodWorker.run(TestMethodWorker.java:128)
at java.base/java.util.ArrayList.forEach(ArrayList.java:1540)
at org.testng.TestRunner.privateRun(TestRunner.java:767)
at org.testng.TestRunner.run(TestRunner.java:588)
at org.testng.SuiteRunner.runTest(SuiteRunner.java:384)
at org.testng.SuiteRunner.runSequentially(SuiteRunner.java:378)
at org.testng.SuiteRunner.privateRun(SuiteRunner.java:337)
at org.testng.SuiteRunner.run(SuiteRunner.java:286)
at org.testng.SuiteRunnerWorker.runSuite(SuiteRunnerWorker.java:53)
at org.testng.SuiteRunnerWorker.run(SuiteRunnerWorker.java:96)
at org.testng.TestNG.runSuitesSequentially(TestNG.java:1214)
at org.testng.TestNG.runSuitesLocally(TestNG.java:1136)
at org.testng.TestNG.runSuites(TestNG.java:1066)
at org.testng.TestNG.run(TestNG.java:1034)
at org.testng.remote.AbstractRemoteTestNG.run(AbstractRemoteTestNG.java:115)
at org.testng.remote.RemoteTestNG.initAndRun(RemoteTestNG.java:251)
at org.testng.remote.RemoteTestNG.main(RemoteTestNG.java:77)
]]>
            </full-stacktrace>
          </exception> <!-- org.openqa.selenium.NoSuchSessionException -->
          <reporter-output>
          </reporter-output>
        </test-method> <!-- getResult -->
        <test-method is-config="true" signature="setScreenCaptureTrue()[pri:0, instance:TestScripts.WebHook@4d18aa28]" started-at="2020-06-30T20:13:07 IST" name="setScreenCaptureTrue" finished-at="1970-01-01T05:30:00 IST" duration-ms="-1593528187522" status="SKIP">
          <reporter-output>
          </reporter-output>
        </test-method> <!-- setScreenCaptureTrue -->
        <test-method is-config="true" signature="closeAllBrowsers()[pri:0, instance:TestScripts.WebHook@4d18aa28]" started-at="2020-06-30T20:13:07 IST" name="closeAllBrowsers" finished-at="2020-06-30T20:13:07 IST" duration-ms="0" status="PASS">
          <reporter-output>
          </reporter-output>
        </test-method> <!-- closeAllBrowsers -->
        <test-method is-config="true" signature="endReport()[pri:0, instance:TestScripts.WebHook@4d18aa28]" started-at="2020-06-30T20:13:07 IST" name="endReport" finished-at="2020-06-30T20:13:07 IST" duration-ms="141" status="PASS">
          <reporter-output>
          </reporter-output>
        </test-method> <!-- endReport -->
      </class> <!-- TestScripts.WebHook -->
    </test> <!-- Default test -->
  </suite> <!-- Default suite -->
</testng-results>
